{"/Users/839655roje/data/projects/mongo-restifier/src/index.js":{"path":"/Users/839655roje/data/projects/mongo-restifier/src/index.js","s":{"1":1,"2":1,"3":1,"4":1,"5":1,"6":1,"7":1,"8":1,"9":1,"10":1,"11":1,"12":1,"13":1,"14":1,"15":1,"16":1,"17":1,"18":1,"19":1,"20":0,"21":1,"22":1,"23":1,"24":1,"25":1,"26":1,"27":1,"28":1,"29":0,"30":0,"31":0,"32":0,"33":1,"34":1,"35":1,"36":1,"37":1,"38":1,"39":1,"40":1,"41":1,"42":1,"43":0,"44":0,"45":1,"46":1,"47":0,"48":0,"49":1,"50":1,"51":0,"52":0,"53":1,"54":0,"55":0,"56":0,"57":1,"58":1,"59":1,"60":1,"61":1,"62":1,"63":1},"b":{"1":[1,0],"2":[1,0],"3":[0,1],"4":[1,0],"5":[1,0],"6":[1,0],"7":[1,1],"8":[0,1],"9":[1,0],"10":[0,0],"11":[0,1],"12":[0,0]},"f":{"1":1,"2":0,"3":1,"4":1,"5":1,"6":0,"7":0,"8":0,"9":1},"fnMap":{"1":{"name":"mongoRestifier","line":42,"loc":{"start":{"line":42,"column":17},"end":{"line":42,"column":55}}},"2":{"name":"(anonymous_2)","line":70,"loc":{"start":{"line":70,"column":12},"end":{"line":70,"column":37}}},"3":{"name":"register","line":87,"loc":{"start":{"line":87,"column":17},"end":{"line":87,"column":42}}},"4":{"name":"startup","line":93,"loc":{"start":{"line":93,"column":16},"end":{"line":93,"column":35}}},"5":{"name":"(anonymous_5)","line":96,"loc":{"start":{"line":96,"column":46},"end":{"line":96,"column":62}}},"6":{"name":"(anonymous_6)","line":104,"loc":{"start":{"line":104,"column":12},"end":{"line":104,"column":37}}},"7":{"name":"(anonymous_7)","line":116,"loc":{"start":{"line":116,"column":14},"end":{"line":116,"column":46}}},"8":{"name":"(anonymous_8)","line":127,"loc":{"start":{"line":127,"column":14},"end":{"line":127,"column":46}}},"9":{"name":"(anonymous_9)","line":139,"loc":{"start":{"line":139,"column":41},"end":{"line":139,"column":52}}}},"statementMap":{"1":{"start":{"line":27,"column":0},"end":{"line":27,"column":26}},"2":{"start":{"line":28,"column":0},"end":{"line":28,"column":27}},"3":{"start":{"line":29,"column":0},"end":{"line":29,"column":31}},"4":{"start":{"line":30,"column":0},"end":{"line":30,"column":31}},"5":{"start":{"line":31,"column":0},"end":{"line":31,"column":38}},"6":{"start":{"line":32,"column":0},"end":{"line":32,"column":33}},"7":{"start":{"line":33,"column":0},"end":{"line":33,"column":35}},"8":{"start":{"line":34,"column":0},"end":{"line":34,"column":40}},"9":{"start":{"line":35,"column":0},"end":{"line":35,"column":51}},"10":{"start":{"line":36,"column":0},"end":{"line":36,"column":44}},"11":{"start":{"line":37,"column":0},"end":{"line":37,"column":58}},"12":{"start":{"line":38,"column":0},"end":{"line":38,"column":58}},"13":{"start":{"line":42,"column":0},"end":{"line":153,"column":2}},"14":{"start":{"line":44,"column":2},"end":{"line":44,"column":70}},"15":{"start":{"line":45,"column":2},"end":{"line":45,"column":50}},"16":{"start":{"line":45,"column":20},"end":{"line":45,"column":50}},"17":{"start":{"line":48,"column":2},"end":{"line":48,"column":22}},"18":{"start":{"line":53,"column":2},"end":{"line":57,"column":3}},"19":{"start":{"line":54,"column":4},"end":{"line":54,"column":106}},"20":{"start":{"line":54,"column":80},"end":{"line":54,"column":106}},"21":{"start":{"line":55,"column":4},"end":{"line":55,"column":46}},"22":{"start":{"line":56,"column":4},"end":{"line":56,"column":56}},"23":{"start":{"line":59,"column":2},"end":{"line":59,"column":72}},"24":{"start":{"line":62,"column":2},"end":{"line":62,"column":29}},"25":{"start":{"line":63,"column":2},"end":{"line":65,"column":6}},"26":{"start":{"line":66,"column":2},"end":{"line":66,"column":26}},"27":{"start":{"line":69,"column":2},"end":{"line":79,"column":3}},"28":{"start":{"line":70,"column":4},"end":{"line":75,"column":7}},"29":{"start":{"line":71,"column":6},"end":{"line":71,"column":84}},"30":{"start":{"line":72,"column":6},"end":{"line":72,"column":86}},"31":{"start":{"line":73,"column":6},"end":{"line":73,"column":86}},"32":{"start":{"line":74,"column":6},"end":{"line":74,"column":13}},"33":{"start":{"line":76,"column":4},"end":{"line":78,"column":19}},"34":{"start":{"line":82,"column":2},"end":{"line":85,"column":3}},"35":{"start":{"line":84,"column":4},"end":{"line":84,"column":99}},"36":{"start":{"line":87,"column":2},"end":{"line":91,"column":4}},"37":{"start":{"line":88,"column":4},"end":{"line":88,"column":54}},"38":{"start":{"line":89,"column":4},"end":{"line":89,"column":52}},"39":{"start":{"line":90,"column":4},"end":{"line":90,"column":16}},"40":{"start":{"line":93,"column":2},"end":{"line":144,"column":3}},"41":{"start":{"line":96,"column":4},"end":{"line":102,"column":7}},"42":{"start":{"line":97,"column":6},"end":{"line":100,"column":7}},"43":{"start":{"line":98,"column":8},"end":{"line":98,"column":53}},"44":{"start":{"line":99,"column":8},"end":{"line":99,"column":45}},"45":{"start":{"line":101,"column":6},"end":{"line":101,"column":86}},"46":{"start":{"line":104,"column":4},"end":{"line":111,"column":7}},"47":{"start":{"line":106,"column":6},"end":{"line":106,"column":22}},"48":{"start":{"line":107,"column":6},"end":{"line":110,"column":9}},"49":{"start":{"line":115,"column":4},"end":{"line":123,"column":5}},"50":{"start":{"line":116,"column":6},"end":{"line":122,"column":9}},"51":{"start":{"line":117,"column":8},"end":{"line":117,"column":40}},"52":{"start":{"line":118,"column":8},"end":{"line":121,"column":11}},"53":{"start":{"line":126,"column":4},"end":{"line":133,"column":5}},"54":{"start":{"line":127,"column":6},"end":{"line":132,"column":9}},"55":{"start":{"line":128,"column":8},"end":{"line":128,"column":40}},"56":{"start":{"line":129,"column":8},"end":{"line":131,"column":11}},"57":{"start":{"line":136,"column":4},"end":{"line":136,"column":51}},"58":{"start":{"line":139,"column":4},"end":{"line":141,"column":7}},"59":{"start":{"line":140,"column":6},"end":{"line":140,"column":79}},"60":{"start":{"line":143,"column":4},"end":{"line":143,"column":16}},"61":{"start":{"line":146,"column":2},"end":{"line":152,"column":4}},"62":{"start":{"line":155,"column":0},"end":{"line":155,"column":42}},"63":{"start":{"line":157,"column":0},"end":{"line":157,"column":32}}},"branchMap":{"1":{"line":45,"type":"if","locations":[{"start":{"line":45,"column":2},"end":{"line":45,"column":2}},{"start":{"line":45,"column":2},"end":{"line":45,"column":2}}]},"2":{"line":53,"type":"if","locations":[{"start":{"line":53,"column":2},"end":{"line":53,"column":2}},{"start":{"line":53,"column":2},"end":{"line":53,"column":2}}]},"3":{"line":54,"type":"if","locations":[{"start":{"line":54,"column":4},"end":{"line":54,"column":4}},{"start":{"line":54,"column":4},"end":{"line":54,"column":4}}]},"4":{"line":56,"type":"binary-expr","locations":[{"start":{"line":56,"column":20},"end":{"line":56,"column":43}},{"start":{"line":56,"column":47},"end":{"line":56,"column":54}}]},"5":{"line":69,"type":"if","locations":[{"start":{"line":69,"column":2},"end":{"line":69,"column":2}},{"start":{"line":69,"column":2},"end":{"line":69,"column":2}}]},"6":{"line":82,"type":"if","locations":[{"start":{"line":82,"column":2},"end":{"line":82,"column":2}},{"start":{"line":82,"column":2},"end":{"line":82,"column":2}}]},"7":{"line":82,"type":"binary-expr","locations":[{"start":{"line":82,"column":6},"end":{"line":82,"column":27}},{"start":{"line":82,"column":31},"end":{"line":82,"column":69}}]},"8":{"line":97,"type":"if","locations":[{"start":{"line":97,"column":6},"end":{"line":97,"column":6}},{"start":{"line":97,"column":6},"end":{"line":97,"column":6}}]},"9":{"line":115,"type":"if","locations":[{"start":{"line":115,"column":4},"end":{"line":115,"column":4}},{"start":{"line":115,"column":4},"end":{"line":115,"column":4}}]},"10":{"line":117,"type":"binary-expr","locations":[{"start":{"line":117,"column":19},"end":{"line":117,"column":31}},{"start":{"line":117,"column":35},"end":{"line":117,"column":38}}]},"11":{"line":126,"type":"if","locations":[{"start":{"line":126,"column":4},"end":{"line":126,"column":4}},{"start":{"line":126,"column":4},"end":{"line":126,"column":4}}]},"12":{"line":128,"type":"binary-expr","locations":[{"start":{"line":128,"column":19},"end":{"line":128,"column":31}},{"start":{"line":128,"column":35},"end":{"line":128,"column":38}}]}}},"/Users/839655roje/data/projects/mongo-restifier/src/util/logger.js":{"path":"/Users/839655roje/data/projects/mongo-restifier/src/util/logger.js","s":{"1":1,"2":1},"b":{},"f":{},"fnMap":{},"statementMap":{"1":{"start":{"line":1,"column":0},"end":{"line":1,"column":31}},"2":{"start":{"line":2,"column":0},"end":{"line":2,"column":36}}},"branchMap":{}},"/Users/839655roje/data/projects/mongo-restifier/src/core/service-model.js":{"path":"/Users/839655roje/data/projects/mongo-restifier/src/core/service-model.js","s":{"1":1,"2":1,"3":1,"4":1,"5":1,"6":1,"7":1,"8":3,"9":3,"10":3,"11":12,"12":135,"13":3,"14":11,"15":3,"16":1,"17":3,"18":0,"19":3,"20":0,"21":3,"22":3,"23":1,"24":1,"25":1,"26":1,"27":3,"28":17,"29":4,"30":3,"31":3,"32":17,"33":3,"34":0,"35":3,"36":3,"37":3,"38":3,"39":3,"40":3,"41":3,"42":1,"43":1,"44":3,"45":20,"46":0,"47":20,"48":1,"49":3,"50":3,"51":2,"52":2,"53":2,"54":3,"55":3,"56":3,"57":0,"58":0,"59":3,"60":3,"61":0,"62":3,"63":3,"64":3,"65":3,"66":3,"67":1,"68":0,"69":0,"70":0,"71":0,"72":0,"73":0,"74":0,"75":1,"76":1,"77":3},"b":{"1":[3,0],"2":[135,135],"3":[0,135],"4":[0,3],"5":[3,3],"6":[0,3],"7":[3,3],"8":[1,2],"9":[3,3],"10":[1,0],"11":[1,1],"12":[3,14],"13":[17,16],"14":[0,3],"15":[3,0],"16":[1,2],"17":[0,20],"18":[20,18],"19":[1,19],"20":[1,1],"21":[1,0],"22":[1,1],"23":[3,0],"24":[2,0],"25":[0,3],"26":[3,0],"27":[3,0],"28":[1,2],"29":[3,3],"30":[0,0],"31":[0,0],"32":[0,0],"33":[0,0]},"f":{"1":3,"2":12,"3":135,"4":11,"5":3,"6":17,"7":4,"8":17,"9":20,"10":2,"11":0,"12":3,"13":0,"14":0,"15":3},"fnMap":{"1":{"name":"(anonymous_1)","line":33,"loc":{"start":{"line":33,"column":20},"end":{"line":33,"column":44}}},"2":{"name":"(anonymous_2)","line":39,"loc":{"start":{"line":39,"column":17},"end":{"line":39,"column":32}}},"3":{"name":"(anonymous_3)","line":41,"loc":{"start":{"line":41,"column":11},"end":{"line":41,"column":22}}},"4":{"name":"(anonymous_4)","line":49,"loc":{"start":{"line":49,"column":9},"end":{"line":49,"column":20}}},"5":{"name":"ServiceModel","line":62,"loc":{"start":{"line":62,"column":19},"end":{"line":62,"column":50}}},"6":{"name":"(anonymous_6)","line":86,"loc":{"start":{"line":86,"column":58},"end":{"line":86,"column":73}}},"7":{"name":"(anonymous_7)","line":88,"loc":{"start":{"line":88,"column":25},"end":{"line":88,"column":40}}},"8":{"name":"(anonymous_8)","line":94,"loc":{"start":{"line":94,"column":38},"end":{"line":94,"column":53}}},"9":{"name":"(anonymous_9)","line":127,"loc":{"start":{"line":127,"column":61},"end":{"line":127,"column":77}}},"10":{"name":"(anonymous_10)","line":143,"loc":{"start":{"line":143,"column":21},"end":{"line":143,"column":36}}},"11":{"name":"(anonymous_11)","line":154,"loc":{"start":{"line":154,"column":17},"end":{"line":154,"column":45}}},"12":{"name":"register","line":185,"loc":{"start":{"line":185,"column":18},"end":{"line":185,"column":66}}},"13":{"name":"(anonymous_13)","line":193,"loc":{"start":{"line":193,"column":14},"end":{"line":193,"column":55}}},"14":{"name":"(anonymous_14)","line":197,"loc":{"start":{"line":197,"column":35},"end":{"line":197,"column":49}}},"15":{"name":"defineModel","line":265,"loc":{"start":{"line":265,"column":17},"end":{"line":265,"column":53}}}},"statementMap":{"1":{"start":{"line":25,"column":0},"end":{"line":25,"column":26}},"2":{"start":{"line":26,"column":0},"end":{"line":26,"column":35}},"3":{"start":{"line":27,"column":0},"end":{"line":27,"column":51}},"4":{"start":{"line":28,"column":0},"end":{"line":28,"column":55}},"5":{"start":{"line":30,"column":0},"end":{"line":30,"column":36}},"6":{"start":{"line":31,"column":0},"end":{"line":31,"column":26}},"7":{"start":{"line":33,"column":0},"end":{"line":55,"column":2}},"8":{"start":{"line":35,"column":2},"end":{"line":35,"column":19}},"9":{"start":{"line":36,"column":2},"end":{"line":36,"column":42}},"10":{"start":{"line":39,"column":2},"end":{"line":45,"column":5}},"11":{"start":{"line":40,"column":4},"end":{"line":44,"column":7}},"12":{"start":{"line":42,"column":8},"end":{"line":42,"column":116}},"13":{"start":{"line":48,"column":2},"end":{"line":52,"column":5}},"14":{"start":{"line":50,"column":6},"end":{"line":50,"column":18}},"15":{"start":{"line":54,"column":2},"end":{"line":54,"column":17}},"16":{"start":{"line":62,"column":0},"end":{"line":219,"column":2}},"17":{"start":{"line":65,"column":2},"end":{"line":67,"column":3}},"18":{"start":{"line":66,"column":4},"end":{"line":66,"column":33}},"19":{"start":{"line":68,"column":2},"end":{"line":70,"column":3}},"20":{"start":{"line":69,"column":4},"end":{"line":69,"column":35}},"21":{"start":{"line":73,"column":2},"end":{"line":73,"column":16}},"22":{"start":{"line":74,"column":2},"end":{"line":83,"column":3}},"23":{"start":{"line":75,"column":4},"end":{"line":75,"column":24}},"24":{"start":{"line":76,"column":4},"end":{"line":78,"column":5}},"25":{"start":{"line":77,"column":6},"end":{"line":77,"column":42}},"26":{"start":{"line":79,"column":4},"end":{"line":82,"column":6}},"27":{"start":{"line":86,"column":2},"end":{"line":90,"column":15}},"28":{"start":{"line":87,"column":4},"end":{"line":87,"column":35}},"29":{"start":{"line":89,"column":4},"end":{"line":89,"column":22}},"30":{"start":{"line":93,"column":2},"end":{"line":93,"column":14}},"31":{"start":{"line":94,"column":2},"end":{"line":102,"column":5}},"32":{"start":{"line":95,"column":4},"end":{"line":101,"column":5}},"33":{"start":{"line":96,"column":6},"end":{"line":98,"column":7}},"34":{"start":{"line":97,"column":8},"end":{"line":97,"column":102}},"35":{"start":{"line":99,"column":6},"end":{"line":99,"column":37}},"36":{"start":{"line":100,"column":6},"end":{"line":100,"column":26}},"37":{"start":{"line":105,"column":2},"end":{"line":109,"column":3}},"38":{"start":{"line":106,"column":4},"end":{"line":108,"column":5}},"39":{"start":{"line":112,"column":2},"end":{"line":115,"column":5}},"40":{"start":{"line":118,"column":2},"end":{"line":118,"column":68}},"41":{"start":{"line":121,"column":2},"end":{"line":124,"column":3}},"42":{"start":{"line":122,"column":4},"end":{"line":122,"column":50}},"43":{"start":{"line":123,"column":4},"end":{"line":123,"column":35}},"44":{"start":{"line":127,"column":2},"end":{"line":139,"column":5}},"45":{"start":{"line":128,"column":4},"end":{"line":130,"column":5}},"46":{"start":{"line":129,"column":6},"end":{"line":129,"column":125}},"47":{"start":{"line":131,"column":4},"end":{"line":138,"column":5}},"48":{"start":{"line":132,"column":6},"end":{"line":137,"column":9}},"49":{"start":{"line":142,"column":2},"end":{"line":160,"column":3}},"50":{"start":{"line":143,"column":4},"end":{"line":148,"column":6}},"51":{"start":{"line":144,"column":6},"end":{"line":146,"column":7}},"52":{"start":{"line":145,"column":8},"end":{"line":145,"column":38}},"53":{"start":{"line":147,"column":6},"end":{"line":147,"column":13}},"54":{"start":{"line":150,"column":4},"end":{"line":150,"column":50}},"55":{"start":{"line":151,"column":4},"end":{"line":151,"column":48}},"56":{"start":{"line":153,"column":4},"end":{"line":159,"column":7}},"57":{"start":{"line":156,"column":8},"end":{"line":156,"column":36}},"58":{"start":{"line":157,"column":8},"end":{"line":157,"column":23}},"59":{"start":{"line":163,"column":2},"end":{"line":167,"column":5}},"60":{"start":{"line":170,"column":2},"end":{"line":172,"column":3}},"61":{"start":{"line":171,"column":4},"end":{"line":171,"column":31}},"62":{"start":{"line":174,"column":2},"end":{"line":174,"column":25}},"63":{"start":{"line":177,"column":2},"end":{"line":177,"column":25}},"64":{"start":{"line":185,"column":2},"end":{"line":218,"column":3}},"65":{"start":{"line":188,"column":4},"end":{"line":188,"column":97}},"66":{"start":{"line":190,"column":4},"end":{"line":217,"column":5}},"67":{"start":{"line":193,"column":6},"end":{"line":215,"column":9}},"68":{"start":{"line":195,"column":8},"end":{"line":207,"column":9}},"69":{"start":{"line":197,"column":10},"end":{"line":199,"column":13}},"70":{"start":{"line":198,"column":12},"end":{"line":198,"column":76}},"71":{"start":{"line":202,"column":10},"end":{"line":202,"column":47}},"72":{"start":{"line":203,"column":10},"end":{"line":206,"column":13}},"73":{"start":{"line":210,"column":8},"end":{"line":210,"column":45}},"74":{"start":{"line":211,"column":8},"end":{"line":214,"column":11}},"75":{"start":{"line":216,"column":6},"end":{"line":216,"column":27}},"76":{"start":{"line":265,"column":0},"end":{"line":267,"column":2}},"77":{"start":{"line":266,"column":2},"end":{"line":266,"column":56}}},"branchMap":{"1":{"line":36,"type":"binary-expr","locations":[{"start":{"line":36,"column":27},"end":{"line":36,"column":34}},{"start":{"line":36,"column":38},"end":{"line":36,"column":40}}]},"2":{"line":42,"type":"binary-expr","locations":[{"start":{"line":42,"column":15},"end":{"line":42,"column":28}},{"start":{"line":42,"column":33},"end":{"line":42,"column":114}}]},"3":{"line":42,"type":"cond-expr","locations":[{"start":{"line":42,"column":71},"end":{"line":42,"column":98}},{"start":{"line":42,"column":101},"end":{"line":42,"column":114}}]},"4":{"line":65,"type":"if","locations":[{"start":{"line":65,"column":2},"end":{"line":65,"column":2}},{"start":{"line":65,"column":2},"end":{"line":65,"column":2}}]},"5":{"line":65,"type":"binary-expr","locations":[{"start":{"line":65,"column":6},"end":{"line":65,"column":19}},{"start":{"line":65,"column":23},"end":{"line":65,"column":42}}]},"6":{"line":68,"type":"if","locations":[{"start":{"line":68,"column":2},"end":{"line":68,"column":2}},{"start":{"line":68,"column":2},"end":{"line":68,"column":2}}]},"7":{"line":68,"type":"binary-expr","locations":[{"start":{"line":68,"column":6},"end":{"line":68,"column":21}},{"start":{"line":68,"column":25},"end":{"line":68,"column":46}}]},"8":{"line":74,"type":"if","locations":[{"start":{"line":74,"column":2},"end":{"line":74,"column":2}},{"start":{"line":74,"column":2},"end":{"line":74,"column":2}}]},"9":{"line":74,"type":"binary-expr","locations":[{"start":{"line":74,"column":6},"end":{"line":74,"column":32}},{"start":{"line":74,"column":36},"end":{"line":74,"column":73}}]},"10":{"line":76,"type":"if","locations":[{"start":{"line":76,"column":4},"end":{"line":76,"column":4}},{"start":{"line":76,"column":4},"end":{"line":76,"column":4}}]},"11":{"line":76,"type":"binary-expr","locations":[{"start":{"line":76,"column":8},"end":{"line":76,"column":45}},{"start":{"line":76,"column":49},"end":{"line":76,"column":72}}]},"12":{"line":95,"type":"if","locations":[{"start":{"line":95,"column":4},"end":{"line":95,"column":4}},{"start":{"line":95,"column":4},"end":{"line":95,"column":4}}]},"13":{"line":95,"type":"binary-expr","locations":[{"start":{"line":95,"column":8},"end":{"line":95,"column":48}},{"start":{"line":95,"column":52},"end":{"line":95,"column":80}}]},"14":{"line":96,"type":"if","locations":[{"start":{"line":96,"column":6},"end":{"line":96,"column":6}},{"start":{"line":96,"column":6},"end":{"line":96,"column":6}}]},"15":{"line":105,"type":"if","locations":[{"start":{"line":105,"column":2},"end":{"line":105,"column":2}},{"start":{"line":105,"column":2},"end":{"line":105,"column":2}}]},"16":{"line":121,"type":"if","locations":[{"start":{"line":121,"column":2},"end":{"line":121,"column":2}},{"start":{"line":121,"column":2},"end":{"line":121,"column":2}}]},"17":{"line":128,"type":"if","locations":[{"start":{"line":128,"column":4},"end":{"line":128,"column":4}},{"start":{"line":128,"column":4},"end":{"line":128,"column":4}}]},"18":{"line":128,"type":"binary-expr","locations":[{"start":{"line":128,"column":8},"end":{"line":128,"column":45}},{"start":{"line":128,"column":49},"end":{"line":128,"column":84}}]},"19":{"line":131,"type":"if","locations":[{"start":{"line":131,"column":4},"end":{"line":131,"column":4}},{"start":{"line":131,"column":4},"end":{"line":131,"column":4}}]},"20":{"line":135,"type":"binary-expr","locations":[{"start":{"line":135,"column":26},"end":{"line":135,"column":55}},{"start":{"line":135,"column":59},"end":{"line":135,"column":60}}]},"21":{"line":135,"type":"binary-expr","locations":[{"start":{"line":135,"column":62},"end":{"line":135,"column":87}},{"start":{"line":135,"column":91},"end":{"line":135,"column":92}}]},"22":{"line":136,"type":"binary-expr","locations":[{"start":{"line":136,"column":21},"end":{"line":136,"column":54}},{"start":{"line":136,"column":58},"end":{"line":136,"column":59}}]},"23":{"line":142,"type":"if","locations":[{"start":{"line":142,"column":2},"end":{"line":142,"column":2}},{"start":{"line":142,"column":2},"end":{"line":142,"column":2}}]},"24":{"line":144,"type":"if","locations":[{"start":{"line":144,"column":6},"end":{"line":144,"column":6}},{"start":{"line":144,"column":6},"end":{"line":144,"column":6}}]},"25":{"line":170,"type":"if","locations":[{"start":{"line":170,"column":2},"end":{"line":170,"column":2}},{"start":{"line":170,"column":2},"end":{"line":170,"column":2}}]},"26":{"line":188,"type":"cond-expr","locations":[{"start":{"line":188,"column":23},"end":{"line":188,"column":30}},{"start":{"line":188,"column":33},"end":{"line":188,"column":35}}]},"27":{"line":188,"type":"cond-expr","locations":[{"start":{"line":188,"column":54},"end":{"line":188,"column":65}},{"start":{"line":188,"column":68},"end":{"line":188,"column":70}}]},"28":{"line":190,"type":"if","locations":[{"start":{"line":190,"column":4},"end":{"line":190,"column":4}},{"start":{"line":190,"column":4},"end":{"line":190,"column":4}}]},"29":{"line":190,"type":"binary-expr","locations":[{"start":{"line":190,"column":8},"end":{"line":190,"column":22}},{"start":{"line":190,"column":26},"end":{"line":190,"column":49}}]},"30":{"line":195,"type":"if","locations":[{"start":{"line":195,"column":8},"end":{"line":195,"column":8}},{"start":{"line":195,"column":8},"end":{"line":195,"column":8}}]},"31":{"line":195,"type":"binary-expr","locations":[{"start":{"line":195,"column":12},"end":{"line":195,"column":17}},{"start":{"line":195,"column":21},"end":{"line":195,"column":33}}]},"32":{"line":202,"type":"binary-expr","locations":[{"start":{"line":202,"column":26},"end":{"line":202,"column":38}},{"start":{"line":202,"column":42},"end":{"line":202,"column":45}}]},"33":{"line":210,"type":"binary-expr","locations":[{"start":{"line":210,"column":24},"end":{"line":210,"column":36}},{"start":{"line":210,"column":40},"end":{"line":210,"column":43}}]}}},"/Users/839655roje/data/projects/mongo-restifier/src/core/generic-service.js":{"path":"/Users/839655roje/data/projects/mongo-restifier/src/core/generic-service.js","s":{"1":1,"2":1,"3":1,"4":1,"5":1,"6":1,"7":3,"8":0,"9":3,"10":3,"11":3,"12":0,"13":0,"14":0,"15":3,"16":0,"17":0,"18":0,"19":0,"20":0,"21":0,"22":0,"23":0,"24":0,"25":3,"26":0,"27":0,"28":3,"29":0,"30":3,"31":0,"32":0,"33":0,"34":0,"35":0,"36":0,"37":0,"38":0,"39":0,"40":0,"41":0,"42":0,"43":0,"44":0,"45":0,"46":0,"47":0,"48":0,"49":0,"50":0,"51":3,"52":0,"53":0,"54":0,"55":0,"56":0,"57":0,"58":0,"59":0,"60":0,"61":3,"62":0,"63":0,"64":0,"65":0,"66":0,"67":0,"68":0,"69":0,"70":0,"71":0,"72":0,"73":0,"74":0,"75":3,"76":0,"77":0,"78":0,"79":0,"80":0,"81":3,"82":0,"83":0,"84":0,"85":0,"86":0,"87":0,"88":0,"89":0,"90":0,"91":0,"92":0,"93":0,"94":0,"95":0,"96":0,"97":0,"98":0,"99":0,"100":0,"101":3,"102":0,"103":0,"104":0,"105":0,"106":0,"107":0,"108":0,"109":0,"110":0,"111":0,"112":0,"113":0,"114":0,"115":0,"116":0,"117":0,"118":0,"119":0,"120":3,"121":0,"122":0,"123":0,"124":0,"125":0,"126":3,"127":0,"128":0,"129":0,"130":0,"131":3,"132":0,"133":0,"134":0,"135":0,"136":0,"137":3,"138":0,"139":0,"140":0,"141":0,"142":0,"143":0,"144":0,"145":0,"146":0,"147":0,"148":0,"149":0,"150":0,"151":0,"152":0,"153":0,"154":3,"155":0,"156":0,"157":0,"158":0,"159":0,"160":3,"161":0,"162":0,"163":0,"164":0,"165":0,"166":0,"167":3,"168":0,"169":0,"170":0,"171":0,"172":3,"173":3,"174":3,"175":3,"176":3,"177":3,"178":3,"179":3,"180":3,"181":3,"182":3},"b":{"1":[0,3],"2":[3,0],"3":[0,0],"4":[0,0],"5":[0,0],"6":[0,0],"7":[0,0],"8":[0,0],"9":[0,0],"10":[0,0],"11":[0,0],"12":[0,0],"13":[0,0],"14":[0,0],"15":[0,0],"16":[0,0],"17":[0,0],"18":[0,0],"19":[0,0],"20":[0,0],"21":[0,0],"22":[0,0],"23":[0,0],"24":[0,0],"25":[0,0],"26":[0,0],"27":[0,0],"28":[0,0],"29":[0,0],"30":[0,0],"31":[0,0,0],"32":[0,0],"33":[0,0,0],"34":[0,0],"35":[0,0],"36":[0,0],"37":[0,0],"38":[0,0],"39":[0,0],"40":[0,0],"41":[0,0],"42":[0,0],"43":[0,0],"44":[0,0],"45":[0,0],"46":[0,0],"47":[0,0],"48":[0,0],"49":[0,0],"50":[0,0],"51":[0,0],"52":[0,0],"53":[0,0]},"f":{"1":3,"2":0,"3":0,"4":0,"5":0,"6":0,"7":0,"8":0,"9":0,"10":0,"11":0,"12":0,"13":0,"14":0,"15":0,"16":0,"17":0,"18":0,"19":0,"20":0,"21":0,"22":0,"23":0,"24":0,"25":0,"26":0,"27":0,"28":0,"29":0,"30":0,"31":0,"32":0,"33":0,"34":0,"35":0,"36":0,"37":0,"38":0,"39":0,"40":0,"41":0,"42":0,"43":3},"fnMap":{"1":{"name":"ServiceEndpoint","line":36,"loc":{"start":{"line":36,"column":17},"end":{"line":36,"column":58}}},"2":{"name":"send","line":55,"loc":{"start":{"line":55,"column":13},"end":{"line":55,"column":55}}},"3":{"name":"sendBulkResult","line":80,"loc":{"start":{"line":80,"column":23},"end":{"line":80,"column":81}}},"4":{"name":"(anonymous_4)","line":84,"loc":{"start":{"line":84,"column":33},"end":{"line":84,"column":48}}},"5":{"name":"respond","line":123,"loc":{"start":{"line":123,"column":16},"end":{"line":123,"column":62}}},"6":{"name":"idField","line":134,"loc":{"start":{"line":134,"column":16},"end":{"line":134,"column":35}}},"7":{"name":"segregateExisting","line":145,"loc":{"start":{"line":145,"column":26},"end":{"line":145,"column":60}}},"8":{"name":"(anonymous_8)","line":165,"loc":{"start":{"line":165,"column":27},"end":{"line":165,"column":42}}},"9":{"name":"(anonymous_9)","line":167,"loc":{"start":{"line":167,"column":14},"end":{"line":167,"column":29}}},"10":{"name":"(anonymous_10)","line":171,"loc":{"start":{"line":171,"column":57},"end":{"line":171,"column":81}}},"11":{"name":"(anonymous_11)","line":175,"loc":{"start":{"line":175,"column":50},"end":{"line":175,"column":65}}},"12":{"name":"(anonymous_12)","line":179,"loc":{"start":{"line":179,"column":20},"end":{"line":179,"column":35}}},"13":{"name":"bulkCreate","line":198,"loc":{"start":{"line":198,"column":19},"end":{"line":198,"column":46}}},"14":{"name":"(anonymous_14)","line":204,"loc":{"start":{"line":204,"column":24},"end":{"line":204,"column":54}}},"15":{"name":"bulkUpdate","line":218,"loc":{"start":{"line":218,"column":19},"end":{"line":218,"column":46}}},"16":{"name":"(anonymous_16)","line":230,"loc":{"start":{"line":230,"column":18},"end":{"line":230,"column":33}}},"17":{"name":"(anonymous_17)","line":239,"loc":{"start":{"line":239,"column":17},"end":{"line":239,"column":41}}},"18":{"name":"projection","line":254,"loc":{"start":{"line":254,"column":19},"end":{"line":254,"column":48}}},"19":{"name":"select","line":272,"loc":{"start":{"line":272,"column":15},"end":{"line":272,"column":49}}},"20":{"name":"(anonymous_20)","line":286,"loc":{"start":{"line":286,"column":63},"end":{"line":286,"column":78}}},"21":{"name":"(anonymous_21)","line":288,"loc":{"start":{"line":288,"column":11},"end":{"line":288,"column":26}}},"22":{"name":"(anonymous_22)","line":289,"loc":{"start":{"line":289,"column":25},"end":{"line":289,"column":37}}},"23":{"name":"(anonymous_23)","line":303,"loc":{"start":{"line":303,"column":46},"end":{"line":303,"column":58}}},"24":{"name":"createQuery","line":316,"loc":{"start":{"line":316,"column":20},"end":{"line":316,"column":57}}},"25":{"name":"list","line":363,"loc":{"start":{"line":363,"column":14},"end":{"line":363,"column":53}}},"26":{"name":"(anonymous_26)","line":365,"loc":{"start":{"line":365,"column":36},"end":{"line":365,"column":59}}},"27":{"name":"query","line":380,"loc":{"start":{"line":380,"column":15},"end":{"line":380,"column":55}}},"28":{"name":"(anonymous_28)","line":381,"loc":{"start":{"line":381,"column":36},"end":{"line":381,"column":59}}},"29":{"name":"getById","line":396,"loc":{"start":{"line":396,"column":17},"end":{"line":396,"column":59}}},"30":{"name":"(anonymous_30)","line":400,"loc":{"start":{"line":400,"column":36},"end":{"line":400,"column":58}}},"31":{"name":"save","line":414,"loc":{"start":{"line":414,"column":14},"end":{"line":414,"column":53}}},"32":{"name":"(anonymous_32)","line":427,"loc":{"start":{"line":427,"column":24},"end":{"line":427,"column":39}}},"33":{"name":"(anonymous_33)","line":433,"loc":{"start":{"line":433,"column":34},"end":{"line":433,"column":59}}},"34":{"name":"(anonymous_34)","line":439,"loc":{"start":{"line":439,"column":51},"end":{"line":439,"column":68}}},"35":{"name":"(anonymous_35)","line":441,"loc":{"start":{"line":441,"column":11},"end":{"line":441,"column":27}}},"36":{"name":"(anonymous_36)","line":446,"loc":{"start":{"line":446,"column":6},"end":{"line":446,"column":22}}},"37":{"name":"deleteAll","line":459,"loc":{"start":{"line":459,"column":19},"end":{"line":459,"column":63}}},"38":{"name":"(anonymous_38)","line":461,"loc":{"start":{"line":461,"column":24},"end":{"line":461,"column":48}}},"39":{"name":"updateById","line":477,"loc":{"start":{"line":477,"column":20},"end":{"line":477,"column":65}}},"40":{"name":"(anonymous_40)","line":483,"loc":{"start":{"line":483,"column":7},"end":{"line":483,"column":29}}},"41":{"name":"deleteById","line":496,"loc":{"start":{"line":496,"column":20},"end":{"line":496,"column":65}}},"42":{"name":"(anonymous_42)","line":497,"loc":{"start":{"line":497,"column":47},"end":{"line":497,"column":69}}},"43":{"name":"bind","line":503,"loc":{"start":{"line":503,"column":14},"end":{"line":503,"column":30}}}},"statementMap":{"1":{"start":{"line":25,"column":0},"end":{"line":25,"column":26}},"2":{"start":{"line":26,"column":0},"end":{"line":26,"column":29}},"3":{"start":{"line":27,"column":0},"end":{"line":27,"column":33}},"4":{"start":{"line":28,"column":0},"end":{"line":28,"column":34}},"5":{"start":{"line":29,"column":0},"end":{"line":29,"column":42}},"6":{"start":{"line":36,"column":0},"end":{"line":532,"column":1}},"7":{"start":{"line":38,"column":2},"end":{"line":40,"column":3}},"8":{"start":{"line":39,"column":4},"end":{"line":39,"column":53}},"9":{"start":{"line":42,"column":2},"end":{"line":42,"column":26}},"10":{"start":{"line":44,"column":2},"end":{"line":44,"column":33}},"11":{"start":{"line":55,"column":2},"end":{"line":67,"column":4}},"12":{"start":{"line":57,"column":4},"end":{"line":62,"column":5}},"13":{"start":{"line":58,"column":6},"end":{"line":61,"column":16}},"14":{"start":{"line":63,"column":4},"end":{"line":66,"column":7}},"15":{"start":{"line":80,"column":2},"end":{"line":113,"column":3}},"16":{"start":{"line":83,"column":4},"end":{"line":95,"column":5}},"17":{"start":{"line":84,"column":6},"end":{"line":86,"column":9}},"18":{"start":{"line":85,"column":8},"end":{"line":85,"column":24}},"19":{"start":{"line":87,"column":6},"end":{"line":94,"column":9}},"20":{"start":{"line":98,"column":4},"end":{"line":100,"column":5}},"21":{"start":{"line":99,"column":6},"end":{"line":99,"column":82}},"22":{"start":{"line":103,"column":4},"end":{"line":107,"column":5}},"23":{"start":{"line":104,"column":6},"end":{"line":106,"column":9}},"24":{"start":{"line":110,"column":4},"end":{"line":112,"column":7}},"25":{"start":{"line":123,"column":2},"end":{"line":126,"column":4}},"26":{"start":{"line":124,"column":4},"end":{"line":124,"column":32}},"27":{"start":{"line":125,"column":4},"end":{"line":125,"column":25}},"28":{"start":{"line":134,"column":2},"end":{"line":136,"column":3}},"29":{"start":{"line":135,"column":4},"end":{"line":135,"column":58}},"30":{"start":{"line":145,"column":2},"end":{"line":187,"column":4}},"31":{"start":{"line":147,"column":4},"end":{"line":147,"column":32}},"32":{"start":{"line":149,"column":4},"end":{"line":151,"column":5}},"33":{"start":{"line":150,"column":6},"end":{"line":150,"column":22}},"34":{"start":{"line":153,"column":4},"end":{"line":157,"column":6}},"35":{"start":{"line":159,"column":4},"end":{"line":162,"column":5}},"36":{"start":{"line":160,"column":6},"end":{"line":160,"column":39}},"37":{"start":{"line":161,"column":6},"end":{"line":161,"column":21}},"38":{"start":{"line":164,"column":4},"end":{"line":164,"column":23}},"39":{"start":{"line":165,"column":4},"end":{"line":169,"column":7}},"40":{"start":{"line":166,"column":6},"end":{"line":166,"column":21}},"41":{"start":{"line":168,"column":6},"end":{"line":168,"column":32}},"42":{"start":{"line":171,"column":4},"end":{"line":184,"column":7}},"43":{"start":{"line":172,"column":6},"end":{"line":172,"column":46}},"44":{"start":{"line":172,"column":17},"end":{"line":172,"column":46}},"45":{"start":{"line":175,"column":6},"end":{"line":177,"column":9}},"46":{"start":{"line":176,"column":8},"end":{"line":176,"column":24}},"47":{"start":{"line":179,"column":6},"end":{"line":181,"column":9}},"48":{"start":{"line":180,"column":8},"end":{"line":180,"column":108}},"49":{"start":{"line":183,"column":6},"end":{"line":183,"column":39}},"50":{"start":{"line":186,"column":4},"end":{"line":186,"column":19}},"51":{"start":{"line":198,"column":2},"end":{"line":209,"column":4}},"52":{"start":{"line":199,"column":4},"end":{"line":199,"column":32}},"53":{"start":{"line":200,"column":4},"end":{"line":203,"column":5}},"54":{"start":{"line":201,"column":6},"end":{"line":201,"column":26}},"55":{"start":{"line":202,"column":6},"end":{"line":202,"column":21}},"56":{"start":{"line":204,"column":4},"end":{"line":207,"column":7}},"57":{"start":{"line":205,"column":6},"end":{"line":205,"column":46}},"58":{"start":{"line":205,"column":17},"end":{"line":205,"column":46}},"59":{"start":{"line":206,"column":6},"end":{"line":206,"column":36}},"60":{"start":{"line":208,"column":4},"end":{"line":208,"column":19}},"61":{"start":{"line":218,"column":2},"end":{"line":245,"column":3}},"62":{"start":{"line":219,"column":4},"end":{"line":219,"column":32}},"63":{"start":{"line":221,"column":4},"end":{"line":224,"column":5}},"64":{"start":{"line":222,"column":6},"end":{"line":222,"column":26}},"65":{"start":{"line":223,"column":6},"end":{"line":223,"column":21}},"66":{"start":{"line":226,"column":4},"end":{"line":226,"column":60}},"67":{"start":{"line":227,"column":4},"end":{"line":227,"column":23}},"68":{"start":{"line":230,"column":4},"end":{"line":236,"column":7}},"69":{"start":{"line":231,"column":6},"end":{"line":235,"column":9}},"70":{"start":{"line":239,"column":4},"end":{"line":242,"column":7}},"71":{"start":{"line":240,"column":6},"end":{"line":240,"column":46}},"72":{"start":{"line":240,"column":17},"end":{"line":240,"column":46}},"73":{"start":{"line":241,"column":6},"end":{"line":241,"column":30}},"74":{"start":{"line":244,"column":4},"end":{"line":244,"column":19}},"75":{"start":{"line":254,"column":2},"end":{"line":263,"column":4}},"76":{"start":{"line":256,"column":4},"end":{"line":260,"column":5}},"77":{"start":{"line":257,"column":6},"end":{"line":257,"column":52}},"78":{"start":{"line":258,"column":11},"end":{"line":260,"column":5}},"79":{"start":{"line":259,"column":6},"end":{"line":259,"column":51}},"80":{"start":{"line":262,"column":4},"end":{"line":262,"column":21}},"81":{"start":{"line":272,"column":2},"end":{"line":306,"column":4}},"82":{"start":{"line":274,"column":4},"end":{"line":274,"column":15}},"83":{"start":{"line":275,"column":4},"end":{"line":275,"column":24}},"84":{"start":{"line":277,"column":4},"end":{"line":283,"column":5}},"85":{"start":{"line":278,"column":6},"end":{"line":278,"column":41}},"86":{"start":{"line":278,"column":29},"end":{"line":278,"column":41}},"87":{"start":{"line":279,"column":6},"end":{"line":279,"column":72}},"88":{"start":{"line":281,"column":6},"end":{"line":281,"column":48}},"89":{"start":{"line":282,"column":6},"end":{"line":282,"column":33}},"90":{"start":{"line":286,"column":4},"end":{"line":292,"column":15}},"91":{"start":{"line":287,"column":6},"end":{"line":287,"column":37}},"92":{"start":{"line":289,"column":6},"end":{"line":291,"column":9}},"93":{"start":{"line":290,"column":8},"end":{"line":290,"column":35}},"94":{"start":{"line":295,"column":4},"end":{"line":301,"column":5}},"95":{"start":{"line":296,"column":6},"end":{"line":296,"column":64}},"96":{"start":{"line":297,"column":11},"end":{"line":301,"column":5}},"97":{"start":{"line":298,"column":6},"end":{"line":298,"column":62}},"98":{"start":{"line":300,"column":6},"end":{"line":300,"column":26}},"99":{"start":{"line":303,"column":4},"end":{"line":305,"column":42}},"100":{"start":{"line":304,"column":6},"end":{"line":304,"column":67}},"101":{"start":{"line":316,"column":2},"end":{"line":354,"column":3}},"102":{"start":{"line":317,"column":4},"end":{"line":317,"column":14}},"103":{"start":{"line":318,"column":4},"end":{"line":318,"column":59}},"104":{"start":{"line":319,"column":4},"end":{"line":319,"column":112}},"105":{"start":{"line":322,"column":4},"end":{"line":328,"column":5}},"106":{"start":{"line":323,"column":6},"end":{"line":323,"column":35}},"107":{"start":{"line":324,"column":11},"end":{"line":328,"column":5}},"108":{"start":{"line":325,"column":6},"end":{"line":325,"column":34}},"109":{"start":{"line":327,"column":6},"end":{"line":327,"column":37}},"110":{"start":{"line":331,"column":4},"end":{"line":331,"column":145}},"111":{"start":{"line":334,"column":4},"end":{"line":336,"column":5}},"112":{"start":{"line":335,"column":6},"end":{"line":335,"column":47}},"113":{"start":{"line":339,"column":4},"end":{"line":341,"column":5}},"114":{"start":{"line":340,"column":6},"end":{"line":340,"column":37}},"115":{"start":{"line":344,"column":4},"end":{"line":346,"column":5}},"116":{"start":{"line":345,"column":6},"end":{"line":345,"column":79}},"117":{"start":{"line":349,"column":4},"end":{"line":351,"column":5}},"118":{"start":{"line":350,"column":6},"end":{"line":350,"column":73}},"119":{"start":{"line":353,"column":4},"end":{"line":353,"column":17}},"120":{"start":{"line":363,"column":2},"end":{"line":371,"column":3}},"121":{"start":{"line":364,"column":4},"end":{"line":364,"column":22}},"122":{"start":{"line":365,"column":4},"end":{"line":370,"column":7}},"123":{"start":{"line":366,"column":6},"end":{"line":366,"column":36}},"124":{"start":{"line":366,"column":17},"end":{"line":366,"column":36}},"125":{"start":{"line":367,"column":6},"end":{"line":369,"column":46}},"126":{"start":{"line":380,"column":2},"end":{"line":387,"column":4}},"127":{"start":{"line":381,"column":4},"end":{"line":386,"column":7}},"128":{"start":{"line":382,"column":6},"end":{"line":382,"column":36}},"129":{"start":{"line":382,"column":17},"end":{"line":382,"column":36}},"130":{"start":{"line":383,"column":6},"end":{"line":385,"column":46}},"131":{"start":{"line":396,"column":2},"end":{"line":404,"column":3}},"132":{"start":{"line":397,"column":4},"end":{"line":399,"column":6}},"133":{"start":{"line":400,"column":4},"end":{"line":403,"column":7}},"134":{"start":{"line":401,"column":6},"end":{"line":401,"column":36}},"135":{"start":{"line":401,"column":17},"end":{"line":401,"column":36}},"136":{"start":{"line":402,"column":6},"end":{"line":402,"column":86}},"137":{"start":{"line":414,"column":2},"end":{"line":450,"column":4}},"138":{"start":{"line":415,"column":4},"end":{"line":415,"column":46}},"139":{"start":{"line":416,"column":4},"end":{"line":416,"column":54}},"140":{"start":{"line":418,"column":4},"end":{"line":423,"column":5}},"141":{"start":{"line":419,"column":6},"end":{"line":422,"column":9}},"142":{"start":{"line":426,"column":4},"end":{"line":431,"column":5}},"143":{"start":{"line":427,"column":6},"end":{"line":430,"column":9}},"144":{"start":{"line":428,"column":8},"end":{"line":428,"column":54}},"145":{"start":{"line":429,"column":8},"end":{"line":429,"column":20}},"146":{"start":{"line":433,"column":4},"end":{"line":448,"column":9}},"147":{"start":{"line":434,"column":8},"end":{"line":434,"column":26}},"148":{"start":{"line":436,"column":8},"end":{"line":436,"column":86}},"149":{"start":{"line":437,"column":8},"end":{"line":437,"column":91}},"150":{"start":{"line":439,"column":8},"end":{"line":443,"column":11}},"151":{"start":{"line":440,"column":10},"end":{"line":440,"column":59}},"152":{"start":{"line":442,"column":10},"end":{"line":442,"column":22}},"153":{"start":{"line":447,"column":8},"end":{"line":447,"column":20}},"154":{"start":{"line":459,"column":2},"end":{"line":468,"column":4}},"155":{"start":{"line":460,"column":4},"end":{"line":460,"column":67}},"156":{"start":{"line":461,"column":4},"end":{"line":467,"column":7}},"157":{"start":{"line":462,"column":6},"end":{"line":462,"column":36}},"158":{"start":{"line":462,"column":17},"end":{"line":462,"column":36}},"159":{"start":{"line":463,"column":6},"end":{"line":466,"column":39}},"160":{"start":{"line":477,"column":2},"end":{"line":487,"column":4}},"161":{"start":{"line":478,"column":4},"end":{"line":480,"column":5}},"162":{"start":{"line":479,"column":6},"end":{"line":479,"column":60}},"163":{"start":{"line":481,"column":4},"end":{"line":486,"column":7}},"164":{"start":{"line":484,"column":6},"end":{"line":484,"column":36}},"165":{"start":{"line":484,"column":17},"end":{"line":484,"column":36}},"166":{"start":{"line":485,"column":6},"end":{"line":485,"column":86}},"167":{"start":{"line":496,"column":2},"end":{"line":501,"column":4}},"168":{"start":{"line":497,"column":4},"end":{"line":500,"column":7}},"169":{"start":{"line":498,"column":6},"end":{"line":498,"column":36}},"170":{"start":{"line":498,"column":17},"end":{"line":498,"column":36}},"171":{"start":{"line":499,"column":6},"end":{"line":499,"column":86}},"172":{"start":{"line":503,"column":2},"end":{"line":528,"column":3}},"173":{"start":{"line":506,"column":4},"end":{"line":506,"column":36}},"174":{"start":{"line":509,"column":4},"end":{"line":509,"column":36}},"175":{"start":{"line":512,"column":4},"end":{"line":512,"column":38}},"176":{"start":{"line":515,"column":4},"end":{"line":515,"column":44}},"177":{"start":{"line":518,"column":4},"end":{"line":518,"column":42}},"178":{"start":{"line":521,"column":4},"end":{"line":521,"column":45}},"179":{"start":{"line":524,"column":4},"end":{"line":524,"column":48}},"180":{"start":{"line":527,"column":4},"end":{"line":527,"column":16}},"181":{"start":{"line":530,"column":2},"end":{"line":530,"column":19}},"182":{"start":{"line":531,"column":2},"end":{"line":531,"column":25}}},"branchMap":{"1":{"line":38,"type":"if","locations":[{"start":{"line":38,"column":2},"end":{"line":38,"column":2}},{"start":{"line":38,"column":2},"end":{"line":38,"column":2}}]},"2":{"line":42,"type":"binary-expr","locations":[{"start":{"line":42,"column":12},"end":{"line":42,"column":19}},{"start":{"line":42,"column":23},"end":{"line":42,"column":25}}]},"3":{"line":57,"type":"if","locations":[{"start":{"line":57,"column":4},"end":{"line":57,"column":4}},{"start":{"line":57,"column":4},"end":{"line":57,"column":4}}]},"4":{"line":58,"type":"cond-expr","locations":[{"start":{"line":58,"column":36},"end":{"line":61,"column":7}},{"start":{"line":61,"column":10},"end":{"line":61,"column":14}}]},"5":{"line":83,"type":"if","locations":[{"start":{"line":83,"column":4},"end":{"line":83,"column":4}},{"start":{"line":83,"column":4},"end":{"line":83,"column":4}}]},"6":{"line":98,"type":"if","locations":[{"start":{"line":98,"column":4},"end":{"line":98,"column":4}},{"start":{"line":98,"column":4},"end":{"line":98,"column":4}}]},"7":{"line":103,"type":"if","locations":[{"start":{"line":103,"column":4},"end":{"line":103,"column":4}},{"start":{"line":103,"column":4},"end":{"line":103,"column":4}}]},"8":{"line":135,"type":"cond-expr","locations":[{"start":{"line":135,"column":29},"end":{"line":135,"column":49}},{"start":{"line":135,"column":52},"end":{"line":135,"column":57}}]},"9":{"line":149,"type":"if","locations":[{"start":{"line":149,"column":4},"end":{"line":149,"column":4}},{"start":{"line":149,"column":4},"end":{"line":149,"column":4}}]},"10":{"line":159,"type":"if","locations":[{"start":{"line":159,"column":4},"end":{"line":159,"column":4}},{"start":{"line":159,"column":4},"end":{"line":159,"column":4}}]},"11":{"line":172,"type":"if","locations":[{"start":{"line":172,"column":6},"end":{"line":172,"column":6}},{"start":{"line":172,"column":6},"end":{"line":172,"column":6}}]},"12":{"line":180,"type":"cond-expr","locations":[{"start":{"line":180,"column":77},"end":{"line":180,"column":87}},{"start":{"line":180,"column":90},"end":{"line":180,"column":95}}]},"13":{"line":200,"type":"if","locations":[{"start":{"line":200,"column":4},"end":{"line":200,"column":4}},{"start":{"line":200,"column":4},"end":{"line":200,"column":4}}]},"14":{"line":205,"type":"if","locations":[{"start":{"line":205,"column":6},"end":{"line":205,"column":6}},{"start":{"line":205,"column":6},"end":{"line":205,"column":6}}]},"15":{"line":221,"type":"if","locations":[{"start":{"line":221,"column":4},"end":{"line":221,"column":4}},{"start":{"line":221,"column":4},"end":{"line":221,"column":4}}]},"16":{"line":240,"type":"if","locations":[{"start":{"line":240,"column":6},"end":{"line":240,"column":6}},{"start":{"line":240,"column":6},"end":{"line":240,"column":6}}]},"17":{"line":256,"type":"if","locations":[{"start":{"line":256,"column":4},"end":{"line":256,"column":4}},{"start":{"line":256,"column":4},"end":{"line":256,"column":4}}]},"18":{"line":258,"type":"if","locations":[{"start":{"line":258,"column":11},"end":{"line":258,"column":11}},{"start":{"line":258,"column":11},"end":{"line":258,"column":11}}]},"19":{"line":277,"type":"if","locations":[{"start":{"line":277,"column":4},"end":{"line":277,"column":4}},{"start":{"line":277,"column":4},"end":{"line":277,"column":4}}]},"20":{"line":278,"type":"if","locations":[{"start":{"line":278,"column":6},"end":{"line":278,"column":6}},{"start":{"line":278,"column":6},"end":{"line":278,"column":6}}]},"21":{"line":279,"type":"cond-expr","locations":[{"start":{"line":279,"column":44},"end":{"line":279,"column":60}},{"start":{"line":279,"column":63},"end":{"line":279,"column":70}}]},"22":{"line":281,"type":"cond-expr","locations":[{"start":{"line":281,"column":27},"end":{"line":281,"column":40}},{"start":{"line":281,"column":43},"end":{"line":281,"column":47}}]},"23":{"line":286,"type":"binary-expr","locations":[{"start":{"line":286,"column":23},"end":{"line":286,"column":33}},{"start":{"line":286,"column":37},"end":{"line":286,"column":39}}]},"24":{"line":295,"type":"if","locations":[{"start":{"line":295,"column":4},"end":{"line":295,"column":4}},{"start":{"line":295,"column":4},"end":{"line":295,"column":4}}]},"25":{"line":297,"type":"if","locations":[{"start":{"line":297,"column":11},"end":{"line":297,"column":11}},{"start":{"line":297,"column":11},"end":{"line":297,"column":11}}]},"26":{"line":303,"type":"cond-expr","locations":[{"start":{"line":303,"column":37},"end":{"line":305,"column":6}},{"start":{"line":305,"column":9},"end":{"line":305,"column":41}}]},"27":{"line":304,"type":"cond-expr","locations":[{"start":{"line":304,"column":26},"end":{"line":304,"column":36}},{"start":{"line":304,"column":39},"end":{"line":304,"column":40}}]},"28":{"line":322,"type":"if","locations":[{"start":{"line":322,"column":4},"end":{"line":322,"column":4}},{"start":{"line":322,"column":4},"end":{"line":322,"column":4}}]},"29":{"line":324,"type":"if","locations":[{"start":{"line":324,"column":11},"end":{"line":324,"column":11}},{"start":{"line":324,"column":11},"end":{"line":324,"column":11}}]},"30":{"line":331,"type":"cond-expr","locations":[{"start":{"line":331,"column":108},"end":{"line":331,"column":137}},{"start":{"line":331,"column":140},"end":{"line":331,"column":143}}]},"31":{"line":331,"type":"binary-expr","locations":[{"start":{"line":331,"column":17},"end":{"line":331,"column":36}},{"start":{"line":331,"column":40},"end":{"line":331,"column":67}},{"start":{"line":331,"column":71},"end":{"line":331,"column":104}}]},"32":{"line":334,"type":"if","locations":[{"start":{"line":334,"column":4},"end":{"line":334,"column":4}},{"start":{"line":334,"column":4},"end":{"line":334,"column":4}}]},"33":{"line":334,"type":"binary-expr","locations":[{"start":{"line":334,"column":8},"end":{"line":334,"column":26}},{"start":{"line":334,"column":30},"end":{"line":334,"column":56}},{"start":{"line":334,"column":60},"end":{"line":334,"column":92}}]},"34":{"line":339,"type":"if","locations":[{"start":{"line":339,"column":4},"end":{"line":339,"column":4}},{"start":{"line":339,"column":4},"end":{"line":339,"column":4}}]},"35":{"line":344,"type":"if","locations":[{"start":{"line":344,"column":4},"end":{"line":344,"column":4}},{"start":{"line":344,"column":4},"end":{"line":344,"column":4}}]},"36":{"line":345,"type":"binary-expr","locations":[{"start":{"line":345,"column":44},"end":{"line":345,"column":63}},{"start":{"line":345,"column":67},"end":{"line":345,"column":77}}]},"37":{"line":349,"type":"if","locations":[{"start":{"line":349,"column":4},"end":{"line":349,"column":4}},{"start":{"line":349,"column":4},"end":{"line":349,"column":4}}]},"38":{"line":350,"type":"binary-expr","locations":[{"start":{"line":350,"column":45},"end":{"line":350,"column":64}},{"start":{"line":350,"column":68},"end":{"line":350,"column":69}}]},"39":{"line":366,"type":"if","locations":[{"start":{"line":366,"column":6},"end":{"line":366,"column":6}},{"start":{"line":366,"column":6},"end":{"line":366,"column":6}}]},"40":{"line":367,"type":"cond-expr","locations":[{"start":{"line":367,"column":42},"end":{"line":369,"column":7}},{"start":{"line":369,"column":10},"end":{"line":369,"column":44}}]},"41":{"line":382,"type":"if","locations":[{"start":{"line":382,"column":6},"end":{"line":382,"column":6}},{"start":{"line":382,"column":6},"end":{"line":382,"column":6}}]},"42":{"line":383,"type":"cond-expr","locations":[{"start":{"line":383,"column":42},"end":{"line":385,"column":7}},{"start":{"line":385,"column":10},"end":{"line":385,"column":44}}]},"43":{"line":401,"type":"if","locations":[{"start":{"line":401,"column":6},"end":{"line":401,"column":6}},{"start":{"line":401,"column":6},"end":{"line":401,"column":6}}]},"44":{"line":416,"type":"cond-expr","locations":[{"start":{"line":416,"column":24},"end":{"line":416,"column":36}},{"start":{"line":416,"column":39},"end":{"line":416,"column":53}}]},"45":{"line":418,"type":"if","locations":[{"start":{"line":418,"column":4},"end":{"line":418,"column":4}},{"start":{"line":418,"column":4},"end":{"line":418,"column":4}}]},"46":{"line":418,"type":"binary-expr","locations":[{"start":{"line":418,"column":8},"end":{"line":418,"column":32}},{"start":{"line":418,"column":36},"end":{"line":418,"column":60}}]},"47":{"line":426,"type":"if","locations":[{"start":{"line":426,"column":4},"end":{"line":426,"column":4}},{"start":{"line":426,"column":4},"end":{"line":426,"column":4}}]},"48":{"line":436,"type":"cond-expr","locations":[{"start":{"line":436,"column":60},"end":{"line":436,"column":62}},{"start":{"line":436,"column":65},"end":{"line":436,"column":83}}]},"49":{"line":437,"type":"cond-expr","locations":[{"start":{"line":437,"column":60},"end":{"line":437,"column":62}},{"start":{"line":437,"column":65},"end":{"line":437,"column":88}}]},"50":{"line":462,"type":"if","locations":[{"start":{"line":462,"column":6},"end":{"line":462,"column":6}},{"start":{"line":462,"column":6},"end":{"line":462,"column":6}}]},"51":{"line":478,"type":"if","locations":[{"start":{"line":478,"column":4},"end":{"line":478,"column":4}},{"start":{"line":478,"column":4},"end":{"line":478,"column":4}}]},"52":{"line":484,"type":"if","locations":[{"start":{"line":484,"column":6},"end":{"line":484,"column":6}},{"start":{"line":484,"column":6},"end":{"line":484,"column":6}}]},"53":{"line":498,"type":"if","locations":[{"start":{"line":498,"column":6},"end":{"line":498,"column":6}},{"start":{"line":498,"column":6},"end":{"line":498,"column":6}}]}}},"/Users/839655roje/data/projects/mongo-restifier/src/util/Promise.js":{"path":"/Users/839655roje/data/projects/mongo-restifier/src/util/Promise.js","s":{"1":1,"2":1,"3":0,"4":0,"5":0,"6":0,"7":0,"8":0,"9":0,"10":0,"11":0,"12":0,"13":0,"14":0,"15":0,"16":0,"17":0,"18":1},"b":{"1":[0,0],"2":[0,0],"3":[0,0],"4":[0,0]},"f":{"1":0,"2":0,"3":0},"fnMap":{"1":{"name":"when","line":3,"loc":{"start":{"line":3,"column":15},"end":{"line":3,"column":31}}},"2":{"name":"(anonymous_2)","line":8,"loc":{"start":{"line":8,"column":48},"end":{"line":8,"column":74}}},"3":{"name":"(anonymous_3)","line":10,"loc":{"start":{"line":10,"column":25},"end":{"line":10,"column":45}}}},"statementMap":{"1":{"start":{"line":1,"column":0},"end":{"line":1,"column":34}},"2":{"start":{"line":3,"column":0},"end":{"line":26,"column":2}},"3":{"start":{"line":4,"column":2},"end":{"line":4,"column":31}},"4":{"start":{"line":5,"column":2},"end":{"line":5,"column":30}},"5":{"start":{"line":6,"column":2},"end":{"line":6,"column":19}},"6":{"start":{"line":8,"column":2},"end":{"line":23,"column":5}},"7":{"start":{"line":9,"column":4},"end":{"line":22,"column":5}},"8":{"start":{"line":10,"column":6},"end":{"line":16,"column":8}},"9":{"start":{"line":11,"column":8},"end":{"line":11,"column":53}},"10":{"start":{"line":11,"column":17},"end":{"line":11,"column":53}},"11":{"start":{"line":12,"column":8},"end":{"line":12,"column":30}},"12":{"start":{"line":13,"column":8},"end":{"line":15,"column":9}},"13":{"start":{"line":14,"column":10},"end":{"line":14,"column":35}},"14":{"start":{"line":18,"column":6},"end":{"line":18,"column":14}},"15":{"start":{"line":19,"column":6},"end":{"line":21,"column":7}},"16":{"start":{"line":20,"column":8},"end":{"line":20,"column":33}},"17":{"start":{"line":25,"column":2},"end":{"line":25,"column":17}},"18":{"start":{"line":28,"column":0},"end":{"line":28,"column":25}}},"branchMap":{"1":{"line":9,"type":"if","locations":[{"start":{"line":9,"column":4},"end":{"line":9,"column":4}},{"start":{"line":9,"column":4},"end":{"line":9,"column":4}}]},"2":{"line":11,"type":"if","locations":[{"start":{"line":11,"column":8},"end":{"line":11,"column":8}},{"start":{"line":11,"column":8},"end":{"line":11,"column":8}}]},"3":{"line":13,"type":"if","locations":[{"start":{"line":13,"column":8},"end":{"line":13,"column":8}},{"start":{"line":13,"column":8},"end":{"line":13,"column":8}}]},"4":{"line":19,"type":"if","locations":[{"start":{"line":19,"column":6},"end":{"line":19,"column":6}},{"start":{"line":19,"column":6},"end":{"line":19,"column":6}}]}}},"/Users/839655roje/data/projects/mongo-restifier/src/oauth-server/oauth2server.js":{"path":"/Users/839655roje/data/projects/mongo-restifier/src/oauth-server/oauth2server.js","s":{"1":1,"2":1,"3":1,"4":1,"5":1,"6":1,"7":1,"8":1,"9":1,"10":1,"11":1,"12":1,"13":1,"14":1,"15":1,"16":1,"17":1,"18":1,"19":4,"20":4,"21":0,"22":4,"23":4,"24":1,"25":1,"26":1,"27":1,"28":1,"29":0,"30":1,"31":1,"32":1,"33":1,"34":1,"35":0,"36":1,"37":1,"38":0,"39":0,"40":0,"41":0,"42":0,"43":0,"44":0,"45":0,"46":0,"47":0,"48":0,"49":0,"50":0,"51":0,"52":0,"53":0,"54":0,"55":0,"56":0,"57":0,"58":0,"59":0,"60":0,"61":0,"62":0,"63":0,"64":0,"65":0,"66":0,"67":0,"68":0,"69":0,"70":0,"71":0,"72":0,"73":0,"74":0,"75":0,"76":0,"77":0,"78":0,"79":0,"80":0,"81":0,"82":0,"83":0,"84":0,"85":0,"86":0,"87":0,"88":0,"89":1,"90":1,"91":1,"92":1,"93":1,"94":0,"95":0,"96":0,"97":0,"98":0,"99":0,"100":0,"101":0,"102":0,"103":0,"104":0,"105":1,"106":1,"107":1,"108":0,"109":0,"110":0,"111":0,"112":0,"113":0,"114":0,"115":0,"116":0,"117":0,"118":0,"119":1,"120":1,"121":0,"122":0,"123":0,"124":0,"125":0,"126":0,"127":0,"128":0,"129":0,"130":0,"131":0,"132":0,"133":0,"134":0,"135":0,"136":0,"137":0,"138":0,"139":0,"140":0,"141":0,"142":0,"143":0,"144":0,"145":0,"146":0,"147":0,"148":0,"149":0,"150":0,"151":1,"152":1,"153":1,"154":0,"155":0,"156":0,"157":0,"158":0,"159":0,"160":0,"161":0,"162":1,"163":1},"b":{"1":[1,0],"2":[1,0],"3":[0,4],"4":[1,0],"5":[1,1],"6":[0,1],"7":[1,0],"8":[1,1],"9":[0,1],"10":[0,0],"11":[0,0],"12":[0,0],"13":[0,0],"14":[0,0],"15":[0,0],"16":[0,0],"17":[0,0],"18":[0,0],"19":[0,0],"20":[0,0],"21":[0,0],"22":[0,0],"23":[0,0],"24":[0,0],"25":[0,0],"26":[0,0],"27":[0,0],"28":[0,0],"29":[0,0],"30":[0,0,0],"31":[0,0],"32":[0,0],"33":[0,0],"34":[0,0],"35":[0,0],"36":[0,0],"37":[0,0],"38":[0,0,0],"39":[0,0],"40":[0,0],"41":[0,0,0],"42":[0,0],"43":[0,0],"44":[0,0],"45":[0,0],"46":[0,0],"47":[0,0],"48":[0,0],"49":[0,0,0,0],"50":[0,0],"51":[0,0],"52":[0,0],"53":[0,0]},"f":{"1":1,"2":1,"3":1,"4":1,"5":1,"6":0,"7":0,"8":0,"9":0,"10":0,"11":0,"12":0,"13":0,"14":0,"15":0,"16":0,"17":0,"18":0,"19":0,"20":0,"21":0,"22":0,"23":0,"24":0,"25":0,"26":0,"27":0,"28":0,"29":0,"30":0,"31":0,"32":0,"33":0,"34":0,"35":0,"36":0,"37":0},"fnMap":{"1":{"name":"OAuth2Server","line":128,"loc":{"start":{"line":128,"column":19},"end":{"line":128,"column":67}}},"2":{"name":"(anonymous_2)","line":164,"loc":{"start":{"line":164,"column":7},"end":{"line":164,"column":29}}},"3":{"name":"(anonymous_3)","line":171,"loc":{"start":{"line":171,"column":9},"end":{"line":171,"column":31}}},"4":{"name":"(anonymous_4)","line":182,"loc":{"start":{"line":182,"column":7},"end":{"line":182,"column":29}}},"5":{"name":"(anonymous_5)","line":191,"loc":{"start":{"line":191,"column":8},"end":{"line":191,"column":30}}},"6":{"name":"getAccessToken","line":210,"loc":{"start":{"line":210,"column":20},"end":{"line":210,"column":61}}},"7":{"name":"(anonymous_7)","line":211,"loc":{"start":{"line":211,"column":37},"end":{"line":211,"column":59}}},"8":{"name":"getRefreshToken","line":233,"loc":{"start":{"line":233,"column":21},"end":{"line":233,"column":63}}},"9":{"name":"(anonymous_9)","line":234,"loc":{"start":{"line":234,"column":38},"end":{"line":234,"column":60}}},"10":{"name":"getAccessToken","line":257,"loc":{"start":{"line":257,"column":14},"end":{"line":257,"column":61}}},"11":{"name":"(anonymous_11)","line":261,"loc":{"start":{"line":261,"column":9},"end":{"line":261,"column":31}}},"12":{"name":"(anonymous_12)","line":274,"loc":{"start":{"line":274,"column":15},"end":{"line":274,"column":58}}},"13":{"name":"(anonymous_13)","line":279,"loc":{"start":{"line":279,"column":9},"end":{"line":279,"column":31}}},"14":{"name":"grantTypeAllowed","line":293,"loc":{"start":{"line":293,"column":22},"end":{"line":293,"column":79}}},"15":{"name":"(anonymous_15)","line":300,"loc":{"start":{"line":300,"column":9},"end":{"line":300,"column":31}}},"16":{"name":"getUser","line":314,"loc":{"start":{"line":314,"column":13},"end":{"line":314,"column":58}}},"17":{"name":"(anonymous_17)","line":319,"loc":{"start":{"line":319,"column":9},"end":{"line":319,"column":31}}},"18":{"name":"saveAccessToken","line":342,"loc":{"start":{"line":342,"column":21},"end":{"line":342,"column":94}}},"19":{"name":"saveRefreshToken","line":355,"loc":{"start":{"line":355,"column":22},"end":{"line":355,"column":97}}},"20":{"name":"saveToken","line":369,"loc":{"start":{"line":369,"column":15},"end":{"line":369,"column":82}}},"21":{"name":"(anonymous_21)","line":375,"loc":{"start":{"line":375,"column":9},"end":{"line":375,"column":31}}},"22":{"name":"revokeAccessToken","line":394,"loc":{"start":{"line":394,"column":23},"end":{"line":394,"column":67}}},"23":{"name":"(anonymous_23)","line":398,"loc":{"start":{"line":398,"column":15},"end":{"line":398,"column":37}}},"24":{"name":"(anonymous_24)","line":408,"loc":{"start":{"line":408,"column":17},"end":{"line":408,"column":39}}},"25":{"name":"revokeRefreshToken","line":424,"loc":{"start":{"line":424,"column":24},"end":{"line":424,"column":69}}},"26":{"name":"revokeToken","line":435,"loc":{"start":{"line":435,"column":17},"end":{"line":435,"column":61}}},"27":{"name":"(anonymous_27)","line":457,"loc":{"start":{"line":457,"column":30},"end":{"line":457,"column":64}}},"28":{"name":"(anonymous_28)","line":458,"loc":{"start":{"line":458,"column":44},"end":{"line":458,"column":60}}},"29":{"name":"(anonymous_29)","line":467,"loc":{"start":{"line":467,"column":43},"end":{"line":467,"column":65}}},"30":{"name":"(anonymous_30)","line":483,"loc":{"start":{"line":483,"column":25},"end":{"line":483,"column":59}}},"31":{"name":"(anonymous_31)","line":500,"loc":{"start":{"line":500,"column":7},"end":{"line":500,"column":29}}},"32":{"name":"(anonymous_32)","line":516,"loc":{"start":{"line":516,"column":10},"end":{"line":516,"column":44}}},"33":{"name":"(anonymous_33)","line":547,"loc":{"start":{"line":547,"column":52},"end":{"line":547,"column":63}}},"34":{"name":"(anonymous_34)","line":557,"loc":{"start":{"line":557,"column":36},"end":{"line":557,"column":51}}},"35":{"name":"(anonymous_35)","line":558,"loc":{"start":{"line":558,"column":64},"end":{"line":558,"column":79}}},"36":{"name":"(anonymous_36)","line":578,"loc":{"start":{"line":578,"column":15},"end":{"line":578,"column":37}}},"37":{"name":"(anonymous_37)","line":602,"loc":{"start":{"line":602,"column":10},"end":{"line":602,"column":42}}}},"statementMap":{"1":{"start":{"line":26,"column":0},"end":{"line":26,"column":27}},"2":{"start":{"line":27,"column":0},"end":{"line":27,"column":31}},"3":{"start":{"line":28,"column":0},"end":{"line":28,"column":39}},"4":{"start":{"line":29,"column":0},"end":{"line":29,"column":39}},"5":{"start":{"line":30,"column":0},"end":{"line":30,"column":33}},"6":{"start":{"line":31,"column":0},"end":{"line":31,"column":43}},"7":{"start":{"line":32,"column":0},"end":{"line":32,"column":52}},"8":{"start":{"line":35,"column":0},"end":{"line":66,"column":3}},"9":{"start":{"line":67,"column":0},"end":{"line":67,"column":32}},"10":{"start":{"line":70,"column":0},"end":{"line":118,"column":3}},"11":{"start":{"line":120,"column":0},"end":{"line":120,"column":36}},"12":{"start":{"line":128,"column":0},"end":{"line":625,"column":1}},"13":{"start":{"line":130,"column":2},"end":{"line":130,"column":19}},"14":{"start":{"line":131,"column":2},"end":{"line":131,"column":17}},"15":{"start":{"line":132,"column":2},"end":{"line":132,"column":17}},"16":{"start":{"line":134,"column":2},"end":{"line":134,"column":26}},"17":{"start":{"line":137,"column":2},"end":{"line":158,"column":3}},"18":{"start":{"line":138,"column":4},"end":{"line":155,"column":5}},"19":{"start":{"line":139,"column":6},"end":{"line":139,"column":40}},"20":{"start":{"line":140,"column":6},"end":{"line":142,"column":7}},"21":{"start":{"line":141,"column":8},"end":{"line":141,"column":55}},"22":{"start":{"line":143,"column":6},"end":{"line":143,"column":58}},"23":{"start":{"line":144,"column":6},"end":{"line":154,"column":9}},"24":{"start":{"line":157,"column":4},"end":{"line":157,"column":60}},"25":{"start":{"line":161,"column":2},"end":{"line":176,"column":3}},"26":{"start":{"line":162,"column":4},"end":{"line":175,"column":7}},"27":{"start":{"line":165,"column":6},"end":{"line":174,"column":9}},"28":{"start":{"line":172,"column":8},"end":{"line":172,"column":68}},"29":{"start":{"line":172,"column":19},"end":{"line":172,"column":68}},"30":{"start":{"line":173,"column":8},"end":{"line":173,"column":86}},"31":{"start":{"line":179,"column":2},"end":{"line":196,"column":3}},"32":{"start":{"line":180,"column":4},"end":{"line":195,"column":7}},"33":{"start":{"line":183,"column":6},"end":{"line":194,"column":11}},"34":{"start":{"line":192,"column":10},"end":{"line":192,"column":70}},"35":{"start":{"line":192,"column":21},"end":{"line":192,"column":70}},"36":{"start":{"line":193,"column":10},"end":{"line":193,"column":90}},"37":{"start":{"line":202,"column":2},"end":{"line":442,"column":4}},"38":{"start":{"line":211,"column":6},"end":{"line":224,"column":9}},"39":{"start":{"line":212,"column":8},"end":{"line":212,"column":42}},"40":{"start":{"line":212,"column":19},"end":{"line":212,"column":42}},"41":{"start":{"line":213,"column":8},"end":{"line":213,"column":71}},"42":{"start":{"line":213,"column":19},"end":{"line":213,"column":71}},"43":{"start":{"line":214,"column":8},"end":{"line":222,"column":10}},"44":{"start":{"line":223,"column":8},"end":{"line":223,"column":36}},"45":{"start":{"line":234,"column":6},"end":{"line":247,"column":9}},"46":{"start":{"line":235,"column":8},"end":{"line":235,"column":42}},"47":{"start":{"line":235,"column":19},"end":{"line":235,"column":42}},"48":{"start":{"line":236,"column":8},"end":{"line":236,"column":72}},"49":{"start":{"line":236,"column":19},"end":{"line":236,"column":72}},"50":{"start":{"line":237,"column":8},"end":{"line":245,"column":10}},"51":{"start":{"line":246,"column":8},"end":{"line":246,"column":37}},"52":{"start":{"line":258,"column":6},"end":{"line":264,"column":9}},"53":{"start":{"line":262,"column":8},"end":{"line":262,"column":42}},"54":{"start":{"line":262,"column":19},"end":{"line":262,"column":42}},"55":{"start":{"line":263,"column":8},"end":{"line":263,"column":29}},"56":{"start":{"line":275,"column":6},"end":{"line":283,"column":9}},"57":{"start":{"line":280,"column":8},"end":{"line":280,"column":42}},"58":{"start":{"line":280,"column":19},"end":{"line":280,"column":42}},"59":{"start":{"line":281,"column":8},"end":{"line":281,"column":65}},"60":{"start":{"line":281,"column":19},"end":{"line":281,"column":65}},"61":{"start":{"line":282,"column":8},"end":{"line":282,"column":29}},"62":{"start":{"line":294,"column":6},"end":{"line":304,"column":9}},"63":{"start":{"line":301,"column":8},"end":{"line":301,"column":42}},"64":{"start":{"line":301,"column":19},"end":{"line":301,"column":42}},"65":{"start":{"line":302,"column":8},"end":{"line":302,"column":65}},"66":{"start":{"line":302,"column":19},"end":{"line":302,"column":65}},"67":{"start":{"line":303,"column":8},"end":{"line":303,"column":29}},"68":{"start":{"line":315,"column":6},"end":{"line":330,"column":9}},"69":{"start":{"line":320,"column":8},"end":{"line":320,"column":42}},"70":{"start":{"line":320,"column":19},"end":{"line":320,"column":42}},"71":{"start":{"line":321,"column":8},"end":{"line":321,"column":63}},"72":{"start":{"line":321,"column":19},"end":{"line":321,"column":63}},"73":{"start":{"line":323,"column":8},"end":{"line":329,"column":11}},"74":{"start":{"line":343,"column":6},"end":{"line":343,"column":79}},"75":{"start":{"line":356,"column":6},"end":{"line":356,"column":81}},"76":{"start":{"line":370,"column":6},"end":{"line":370,"column":133}},"77":{"start":{"line":371,"column":6},"end":{"line":385,"column":9}},"78":{"start":{"line":376,"column":8},"end":{"line":376,"column":42}},"79":{"start":{"line":376,"column":19},"end":{"line":376,"column":42}},"80":{"start":{"line":377,"column":8},"end":{"line":384,"column":21}},"81":{"start":{"line":395,"column":6},"end":{"line":415,"column":9}},"82":{"start":{"line":399,"column":8},"end":{"line":404,"column":9}},"83":{"start":{"line":400,"column":10},"end":{"line":403,"column":13}},"84":{"start":{"line":405,"column":8},"end":{"line":414,"column":11}},"85":{"start":{"line":409,"column":10},"end":{"line":413,"column":13}},"86":{"start":{"line":425,"column":6},"end":{"line":425,"column":51}},"87":{"start":{"line":436,"column":6},"end":{"line":436,"column":49}},"88":{"start":{"line":437,"column":6},"end":{"line":440,"column":19}},"89":{"start":{"line":445,"column":2},"end":{"line":449,"column":5}},"90":{"start":{"line":452,"column":2},"end":{"line":452,"column":40}},"91":{"start":{"line":455,"column":2},"end":{"line":455,"column":37}},"92":{"start":{"line":456,"column":2},"end":{"line":456,"column":48}},"93":{"start":{"line":457,"column":2},"end":{"line":477,"column":5}},"94":{"start":{"line":458,"column":4},"end":{"line":476,"column":7}},"95":{"start":{"line":459,"column":6},"end":{"line":465,"column":7}},"96":{"start":{"line":460,"column":8},"end":{"line":460,"column":29}},"97":{"start":{"line":461,"column":8},"end":{"line":464,"column":11}},"98":{"start":{"line":466,"column":6},"end":{"line":466,"column":77}},"99":{"start":{"line":467,"column":6},"end":{"line":475,"column":9}},"100":{"start":{"line":468,"column":8},"end":{"line":471,"column":9}},"101":{"start":{"line":469,"column":10},"end":{"line":469,"column":31}},"102":{"start":{"line":470,"column":10},"end":{"line":470,"column":38}},"103":{"start":{"line":473,"column":8},"end":{"line":473,"column":29}},"104":{"start":{"line":474,"column":8},"end":{"line":474,"column":35}},"105":{"start":{"line":479,"column":2},"end":{"line":479,"column":32}},"106":{"start":{"line":482,"column":2},"end":{"line":482,"column":39}},"107":{"start":{"line":483,"column":2},"end":{"line":512,"column":5}},"108":{"start":{"line":485,"column":4},"end":{"line":487,"column":5}},"109":{"start":{"line":486,"column":6},"end":{"line":486,"column":20}},"110":{"start":{"line":489,"column":4},"end":{"line":495,"column":5}},"111":{"start":{"line":490,"column":6},"end":{"line":490,"column":27}},"112":{"start":{"line":491,"column":6},"end":{"line":494,"column":9}},"113":{"start":{"line":498,"column":4},"end":{"line":511,"column":7}},"114":{"start":{"line":501,"column":6},"end":{"line":507,"column":7}},"115":{"start":{"line":502,"column":8},"end":{"line":502,"column":29}},"116":{"start":{"line":503,"column":8},"end":{"line":506,"column":11}},"117":{"start":{"line":509,"column":6},"end":{"line":509,"column":38}},"118":{"start":{"line":510,"column":6},"end":{"line":510,"column":59}},"119":{"start":{"line":513,"column":2},"end":{"line":513,"column":44}},"120":{"start":{"line":516,"column":2},"end":{"line":596,"column":5}},"121":{"start":{"line":518,"column":4},"end":{"line":518,"column":28}},"122":{"start":{"line":519,"column":4},"end":{"line":523,"column":5}},"123":{"start":{"line":520,"column":6},"end":{"line":520,"column":27}},"124":{"start":{"line":521,"column":11},"end":{"line":523,"column":5}},"125":{"start":{"line":522,"column":6},"end":{"line":522,"column":28}},"126":{"start":{"line":525,"column":4},"end":{"line":593,"column":5}},"127":{"start":{"line":526,"column":6},"end":{"line":526,"column":30}},"128":{"start":{"line":527,"column":6},"end":{"line":592,"column":7}},"129":{"start":{"line":535,"column":8},"end":{"line":535,"column":130}},"130":{"start":{"line":537,"column":8},"end":{"line":543,"column":9}},"131":{"start":{"line":538,"column":10},"end":{"line":538,"column":31}},"132":{"start":{"line":539,"column":10},"end":{"line":542,"column":13}},"133":{"start":{"line":545,"column":8},"end":{"line":591,"column":9}},"134":{"start":{"line":547,"column":12},"end":{"line":570,"column":15}},"135":{"start":{"line":549,"column":14},"end":{"line":555,"column":15}},"136":{"start":{"line":550,"column":16},"end":{"line":550,"column":37}},"137":{"start":{"line":551,"column":16},"end":{"line":554,"column":19}},"138":{"start":{"line":557,"column":14},"end":{"line":567,"column":15}},"139":{"start":{"line":558,"column":18},"end":{"line":560,"column":40}},"140":{"start":{"line":559,"column":20},"end":{"line":559,"column":46}},"141":{"start":{"line":562,"column":16},"end":{"line":562,"column":37}},"142":{"start":{"line":563,"column":16},"end":{"line":566,"column":19}},"143":{"start":{"line":569,"column":14},"end":{"line":569,"column":21}},"144":{"start":{"line":573,"column":12},"end":{"line":573,"column":117}},"145":{"start":{"line":574,"column":12},"end":{"line":587,"column":15}},"146":{"start":{"line":579,"column":14},"end":{"line":584,"column":15}},"147":{"start":{"line":580,"column":16},"end":{"line":583,"column":19}},"148":{"start":{"line":586,"column":14},"end":{"line":586,"column":21}},"149":{"start":{"line":590,"column":12},"end":{"line":590,"column":26}},"150":{"start":{"line":595,"column":4},"end":{"line":595,"column":43}},"151":{"start":{"line":598,"column":2},"end":{"line":598,"column":38}},"152":{"start":{"line":599,"column":2},"end":{"line":599,"column":40}},"153":{"start":{"line":602,"column":2},"end":{"line":620,"column":5}},"154":{"start":{"line":604,"column":4},"end":{"line":610,"column":5}},"155":{"start":{"line":605,"column":6},"end":{"line":605,"column":22}},"156":{"start":{"line":606,"column":6},"end":{"line":609,"column":9}},"157":{"start":{"line":612,"column":4},"end":{"line":618,"column":5}},"158":{"start":{"line":613,"column":6},"end":{"line":613,"column":48}},"159":{"start":{"line":614,"column":6},"end":{"line":614,"column":56}},"160":{"start":{"line":615,"column":6},"end":{"line":617,"column":9}},"161":{"start":{"line":619,"column":4},"end":{"line":619,"column":11}},"162":{"start":{"line":623,"column":2},"end":{"line":623,"column":36}},"163":{"start":{"line":627,"column":0},"end":{"line":627,"column":30}}},"branchMap":{"1":{"line":134,"type":"binary-expr","locations":[{"start":{"line":134,"column":12},"end":{"line":134,"column":19}},{"start":{"line":134,"column":23},"end":{"line":134,"column":25}}]},"2":{"line":137,"type":"if","locations":[{"start":{"line":137,"column":2},"end":{"line":137,"column":2}},{"start":{"line":137,"column":2},"end":{"line":137,"column":2}}]},"3":{"line":140,"type":"if","locations":[{"start":{"line":140,"column":6},"end":{"line":140,"column":6}},{"start":{"line":140,"column":6},"end":{"line":140,"column":6}}]},"4":{"line":161,"type":"if","locations":[{"start":{"line":161,"column":2},"end":{"line":161,"column":2}},{"start":{"line":161,"column":2},"end":{"line":161,"column":2}}]},"5":{"line":161,"type":"binary-expr","locations":[{"start":{"line":161,"column":6},"end":{"line":161,"column":24}},{"start":{"line":161,"column":28},"end":{"line":161,"column":51}}]},"6":{"line":172,"type":"if","locations":[{"start":{"line":172,"column":8},"end":{"line":172,"column":8}},{"start":{"line":172,"column":8},"end":{"line":172,"column":8}}]},"7":{"line":179,"type":"if","locations":[{"start":{"line":179,"column":2},"end":{"line":179,"column":2}},{"start":{"line":179,"column":2},"end":{"line":179,"column":2}}]},"8":{"line":179,"type":"binary-expr","locations":[{"start":{"line":179,"column":6},"end":{"line":179,"column":24}},{"start":{"line":179,"column":28},"end":{"line":179,"column":53}}]},"9":{"line":192,"type":"if","locations":[{"start":{"line":192,"column":10},"end":{"line":192,"column":10}},{"start":{"line":192,"column":10},"end":{"line":192,"column":10}}]},"10":{"line":212,"type":"if","locations":[{"start":{"line":212,"column":8},"end":{"line":212,"column":8}},{"start":{"line":212,"column":8},"end":{"line":212,"column":8}}]},"11":{"line":213,"type":"if","locations":[{"start":{"line":213,"column":8},"end":{"line":213,"column":8}},{"start":{"line":213,"column":8},"end":{"line":213,"column":8}}]},"12":{"line":235,"type":"if","locations":[{"start":{"line":235,"column":8},"end":{"line":235,"column":8}},{"start":{"line":235,"column":8},"end":{"line":235,"column":8}}]},"13":{"line":236,"type":"if","locations":[{"start":{"line":236,"column":8},"end":{"line":236,"column":8}},{"start":{"line":236,"column":8},"end":{"line":236,"column":8}}]},"14":{"line":262,"type":"if","locations":[{"start":{"line":262,"column":8},"end":{"line":262,"column":8}},{"start":{"line":262,"column":8},"end":{"line":262,"column":8}}]},"15":{"line":280,"type":"if","locations":[{"start":{"line":280,"column":8},"end":{"line":280,"column":8}},{"start":{"line":280,"column":8},"end":{"line":280,"column":8}}]},"16":{"line":281,"type":"if","locations":[{"start":{"line":281,"column":8},"end":{"line":281,"column":8}},{"start":{"line":281,"column":8},"end":{"line":281,"column":8}}]},"17":{"line":301,"type":"if","locations":[{"start":{"line":301,"column":8},"end":{"line":301,"column":8}},{"start":{"line":301,"column":8},"end":{"line":301,"column":8}}]},"18":{"line":302,"type":"if","locations":[{"start":{"line":302,"column":8},"end":{"line":302,"column":8}},{"start":{"line":302,"column":8},"end":{"line":302,"column":8}}]},"19":{"line":320,"type":"if","locations":[{"start":{"line":320,"column":8},"end":{"line":320,"column":8}},{"start":{"line":320,"column":8},"end":{"line":320,"column":8}}]},"20":{"line":321,"type":"if","locations":[{"start":{"line":321,"column":8},"end":{"line":321,"column":8}},{"start":{"line":321,"column":8},"end":{"line":321,"column":8}}]},"21":{"line":372,"type":"binary-expr","locations":[{"start":{"line":372,"column":16},"end":{"line":372,"column":20}},{"start":{"line":372,"column":24},"end":{"line":372,"column":35}}]},"22":{"line":376,"type":"if","locations":[{"start":{"line":376,"column":8},"end":{"line":376,"column":8}},{"start":{"line":376,"column":8},"end":{"line":376,"column":8}}]},"23":{"line":381,"type":"binary-expr","locations":[{"start":{"line":381,"column":18},"end":{"line":381,"column":22}},{"start":{"line":381,"column":26},"end":{"line":381,"column":37}}]},"24":{"line":382,"type":"binary-expr","locations":[{"start":{"line":382,"column":17},"end":{"line":382,"column":21}},{"start":{"line":382,"column":25},"end":{"line":382,"column":35}}]},"25":{"line":399,"type":"if","locations":[{"start":{"line":399,"column":8},"end":{"line":399,"column":8}},{"start":{"line":399,"column":8},"end":{"line":399,"column":8}}]},"26":{"line":459,"type":"if","locations":[{"start":{"line":459,"column":6},"end":{"line":459,"column":6}},{"start":{"line":459,"column":6},"end":{"line":459,"column":6}}]},"27":{"line":468,"type":"if","locations":[{"start":{"line":468,"column":8},"end":{"line":468,"column":8}},{"start":{"line":468,"column":8},"end":{"line":468,"column":8}}]},"28":{"line":485,"type":"if","locations":[{"start":{"line":485,"column":4},"end":{"line":485,"column":4}},{"start":{"line":485,"column":4},"end":{"line":485,"column":4}}]},"29":{"line":489,"type":"if","locations":[{"start":{"line":489,"column":4},"end":{"line":489,"column":4}},{"start":{"line":489,"column":4},"end":{"line":489,"column":4}}]},"30":{"line":489,"type":"binary-expr","locations":[{"start":{"line":489,"column":8},"end":{"line":489,"column":28}},{"start":{"line":489,"column":32},"end":{"line":489,"column":54}},{"start":{"line":489,"column":58},"end":{"line":489,"column":76}}]},"31":{"line":501,"type":"if","locations":[{"start":{"line":501,"column":6},"end":{"line":501,"column":6}},{"start":{"line":501,"column":6},"end":{"line":501,"column":6}}]},"32":{"line":501,"type":"binary-expr","locations":[{"start":{"line":501,"column":10},"end":{"line":501,"column":15}},{"start":{"line":501,"column":19},"end":{"line":501,"column":23}}]},"33":{"line":519,"type":"if","locations":[{"start":{"line":519,"column":4},"end":{"line":519,"column":4}},{"start":{"line":519,"column":4},"end":{"line":519,"column":4}}]},"34":{"line":519,"type":"binary-expr","locations":[{"start":{"line":519,"column":8},"end":{"line":519,"column":37}},{"start":{"line":519,"column":41},"end":{"line":519,"column":94}}]},"35":{"line":521,"type":"if","locations":[{"start":{"line":521,"column":11},"end":{"line":521,"column":11}},{"start":{"line":521,"column":11},"end":{"line":521,"column":11}}]},"36":{"line":521,"type":"binary-expr","locations":[{"start":{"line":521,"column":15},"end":{"line":521,"column":44}},{"start":{"line":521,"column":48},"end":{"line":521,"column":102}}]},"37":{"line":527,"type":"if","locations":[{"start":{"line":527,"column":6},"end":{"line":527,"column":6}},{"start":{"line":527,"column":6},"end":{"line":527,"column":6}}]},"38":{"line":529,"type":"binary-expr","locations":[{"start":{"line":529,"column":8},"end":{"line":529,"column":39}},{"start":{"line":532,"column":9},"end":{"line":532,"column":50}},{"start":{"line":532,"column":54},"end":{"line":532,"column":84}}]},"39":{"line":537,"type":"if","locations":[{"start":{"line":537,"column":8},"end":{"line":537,"column":8}},{"start":{"line":537,"column":8},"end":{"line":537,"column":8}}]},"40":{"line":537,"type":"binary-expr","locations":[{"start":{"line":537,"column":12},"end":{"line":537,"column":32}},{"start":{"line":537,"column":36},"end":{"line":537,"column":60}}]},"41":{"line":545,"type":"switch","locations":[{"start":{"line":546,"column":10},"end":{"line":570,"column":15}},{"start":{"line":572,"column":10},"end":{"line":587,"column":15}},{"start":{"line":589,"column":10},"end":{"line":590,"column":26}}]},"42":{"line":549,"type":"if","locations":[{"start":{"line":549,"column":14},"end":{"line":549,"column":14}},{"start":{"line":549,"column":14},"end":{"line":549,"column":14}}]},"43":{"line":549,"type":"binary-expr","locations":[{"start":{"line":549,"column":18},"end":{"line":549,"column":31}},{"start":{"line":549,"column":35},"end":{"line":549,"column":54}}]},"44":{"line":557,"type":"if","locations":[{"start":{"line":557,"column":14},"end":{"line":557,"column":14}},{"start":{"line":557,"column":14},"end":{"line":557,"column":14}}]},"45":{"line":558,"type":"binary-expr","locations":[{"start":{"line":558,"column":25},"end":{"line":558,"column":37}},{"start":{"line":558,"column":41},"end":{"line":560,"column":39}}]},"46":{"line":579,"type":"if","locations":[{"start":{"line":579,"column":14},"end":{"line":579,"column":14}},{"start":{"line":579,"column":14},"end":{"line":579,"column":14}}]},"47":{"line":579,"type":"binary-expr","locations":[{"start":{"line":579,"column":18},"end":{"line":579,"column":23}},{"start":{"line":579,"column":27},"end":{"line":579,"column":32}}]},"48":{"line":604,"type":"if","locations":[{"start":{"line":604,"column":4},"end":{"line":604,"column":4}},{"start":{"line":604,"column":4},"end":{"line":604,"column":4}}]},"49":{"line":604,"type":"binary-expr","locations":[{"start":{"line":604,"column":8},"end":{"line":604,"column":13}},{"start":{"line":604,"column":18},"end":{"line":604,"column":36}},{"start":{"line":604,"column":40},"end":{"line":604,"column":80}},{"start":{"line":604,"column":84},"end":{"line":604,"column":125}}]},"50":{"line":608,"type":"binary-expr","locations":[{"start":{"line":608,"column":15},"end":{"line":608,"column":28}},{"start":{"line":608,"column":32},"end":{"line":608,"column":81}}]},"51":{"line":612,"type":"if","locations":[{"start":{"line":612,"column":4},"end":{"line":612,"column":4}},{"start":{"line":612,"column":4},"end":{"line":612,"column":4}}]},"52":{"line":614,"type":"cond-expr","locations":[{"start":{"line":614,"column":38},"end":{"line":614,"column":41}},{"start":{"line":614,"column":44},"end":{"line":614,"column":54}}]},"53":{"line":616,"type":"binary-expr","locations":[{"start":{"line":616,"column":15},"end":{"line":616,"column":28}},{"start":{"line":616,"column":32},"end":{"line":616,"column":59}}]}}},"/Users/839655roje/data/projects/mongo-restifier/src/oauth-server/token.js":{"path":"/Users/839655roje/data/projects/mongo-restifier/src/oauth-server/token.js","s":{"1":1,"2":1,"3":1},"b":{},"f":{},"fnMap":{},"statementMap":{"1":{"start":{"line":1,"column":0},"end":{"line":1,"column":35}},"2":{"start":{"line":3,"column":0},"end":{"line":24,"column":3}},"3":{"start":{"line":26,"column":0},"end":{"line":26,"column":54}}},"branchMap":{}},"/Users/839655roje/data/projects/mongo-restifier/src/util/Base64.js":{"path":"/Users/839655roje/data/projects/mongo-restifier/src/util/Base64.js","s":{"1":1,"2":0,"3":0,"4":0,"5":0,"6":0,"7":0,"8":0,"9":0,"10":0,"11":0,"12":0,"13":0,"14":0,"15":0,"16":0,"17":0,"18":0,"19":0,"20":0,"21":0,"22":0,"23":0,"24":0,"25":0,"26":0,"27":0,"28":0,"29":0,"30":0,"31":0,"32":0,"33":0,"34":0,"35":0,"36":0,"37":0,"38":0,"39":0,"40":0,"41":0,"42":0,"43":0,"44":0,"45":0,"46":0,"47":0,"48":0,"49":0,"50":0,"51":0,"52":0,"53":0,"54":0,"55":0,"56":0,"57":0,"58":0,"59":0,"60":0,"61":0,"62":0,"63":0,"64":0,"65":0,"66":0,"67":0,"68":0,"69":0,"70":1},"b":{"1":[0,0],"2":[0,0],"3":[0,0],"4":[0,0],"5":[0,0],"6":[0,0],"7":[0,0],"8":[0,0],"9":[0,0],"10":[0,0]},"f":{"1":0,"2":0,"3":0,"4":0},"fnMap":{"1":{"name":"(anonymous_1)","line":3,"loc":{"start":{"line":3,"column":10},"end":{"line":3,"column":22}}},"2":{"name":"(anonymous_2)","line":25,"loc":{"start":{"line":25,"column":10},"end":{"line":25,"column":22}}},"3":{"name":"(anonymous_3)","line":50,"loc":{"start":{"line":50,"column":16},"end":{"line":50,"column":28}}},"4":{"name":"(anonymous_4)","line":68,"loc":{"start":{"line":68,"column":16},"end":{"line":68,"column":28}}}},"statementMap":{"1":{"start":{"line":1,"column":0},"end":{"line":90,"column":1}},"2":{"start":{"line":4,"column":4},"end":{"line":4,"column":15}},"3":{"start":{"line":5,"column":4},"end":{"line":5,"column":28}},"4":{"start":{"line":6,"column":4},"end":{"line":6,"column":14}},"5":{"start":{"line":7,"column":4},"end":{"line":7,"column":31}},"6":{"start":{"line":8,"column":4},"end":{"line":22,"column":5}},"7":{"start":{"line":9,"column":6},"end":{"line":9,"column":28}},"8":{"start":{"line":10,"column":6},"end":{"line":10,"column":28}},"9":{"start":{"line":11,"column":6},"end":{"line":11,"column":28}},"10":{"start":{"line":12,"column":6},"end":{"line":12,"column":17}},"11":{"start":{"line":13,"column":6},"end":{"line":13,"column":32}},"12":{"start":{"line":14,"column":6},"end":{"line":14,"column":33}},"13":{"start":{"line":15,"column":6},"end":{"line":15,"column":17}},"14":{"start":{"line":16,"column":6},"end":{"line":20,"column":7}},"15":{"start":{"line":17,"column":8},"end":{"line":17,"column":18}},"16":{"start":{"line":18,"column":13},"end":{"line":20,"column":7}},"17":{"start":{"line":19,"column":8},"end":{"line":19,"column":14}},"18":{"start":{"line":21,"column":6},"end":{"line":21,"column":111}},"19":{"start":{"line":23,"column":4},"end":{"line":23,"column":12}},"20":{"start":{"line":26,"column":4},"end":{"line":26,"column":15}},"21":{"start":{"line":27,"column":4},"end":{"line":27,"column":16}},"22":{"start":{"line":28,"column":4},"end":{"line":28,"column":19}},"23":{"start":{"line":29,"column":4},"end":{"line":29,"column":14}},"24":{"start":{"line":30,"column":4},"end":{"line":30,"column":42}},"25":{"start":{"line":31,"column":4},"end":{"line":46,"column":5}},"26":{"start":{"line":32,"column":6},"end":{"line":32,"column":46}},"27":{"start":{"line":33,"column":6},"end":{"line":33,"column":46}},"28":{"start":{"line":34,"column":6},"end":{"line":34,"column":46}},"29":{"start":{"line":35,"column":6},"end":{"line":35,"column":46}},"30":{"start":{"line":36,"column":6},"end":{"line":36,"column":26}},"31":{"start":{"line":37,"column":6},"end":{"line":37,"column":33}},"32":{"start":{"line":38,"column":6},"end":{"line":38,"column":27}},"33":{"start":{"line":39,"column":6},"end":{"line":39,"column":37}},"34":{"start":{"line":40,"column":6},"end":{"line":42,"column":7}},"35":{"start":{"line":41,"column":8},"end":{"line":41,"column":38}},"36":{"start":{"line":43,"column":6},"end":{"line":45,"column":7}},"37":{"start":{"line":44,"column":8},"end":{"line":44,"column":38}},"38":{"start":{"line":47,"column":4},"end":{"line":47,"column":31}},"39":{"start":{"line":48,"column":4},"end":{"line":48,"column":12}},"40":{"start":{"line":51,"column":4},"end":{"line":51,"column":30}},"41":{"start":{"line":52,"column":4},"end":{"line":52,"column":15}},"42":{"start":{"line":53,"column":4},"end":{"line":65,"column":5}},"43":{"start":{"line":54,"column":6},"end":{"line":54,"column":30}},"44":{"start":{"line":55,"column":6},"end":{"line":64,"column":7}},"45":{"start":{"line":56,"column":8},"end":{"line":56,"column":35}},"46":{"start":{"line":57,"column":13},"end":{"line":64,"column":7}},"47":{"start":{"line":58,"column":8},"end":{"line":58,"column":47}},"48":{"start":{"line":59,"column":8},"end":{"line":59,"column":46}},"49":{"start":{"line":61,"column":8},"end":{"line":61,"column":48}},"50":{"start":{"line":62,"column":8},"end":{"line":62,"column":52}},"51":{"start":{"line":63,"column":8},"end":{"line":63,"column":46}},"52":{"start":{"line":66,"column":4},"end":{"line":66,"column":12}},"53":{"start":{"line":69,"column":4},"end":{"line":69,"column":15}},"54":{"start":{"line":70,"column":4},"end":{"line":70,"column":14}},"55":{"start":{"line":71,"column":4},"end":{"line":71,"column":24}},"56":{"start":{"line":72,"column":4},"end":{"line":87,"column":5}},"57":{"start":{"line":73,"column":6},"end":{"line":73,"column":26}},"58":{"start":{"line":74,"column":6},"end":{"line":86,"column":7}},"59":{"start":{"line":75,"column":8},"end":{"line":75,"column":36}},"60":{"start":{"line":76,"column":8},"end":{"line":76,"column":11}},"61":{"start":{"line":77,"column":13},"end":{"line":86,"column":7}},"62":{"start":{"line":78,"column":8},"end":{"line":78,"column":33}},"63":{"start":{"line":79,"column":8},"end":{"line":79,"column":58}},"64":{"start":{"line":80,"column":8},"end":{"line":80,"column":14}},"65":{"start":{"line":82,"column":8},"end":{"line":82,"column":33}},"66":{"start":{"line":83,"column":8},"end":{"line":83,"column":33}},"67":{"start":{"line":84,"column":8},"end":{"line":84,"column":76}},"68":{"start":{"line":85,"column":8},"end":{"line":85,"column":14}},"69":{"start":{"line":88,"column":4},"end":{"line":88,"column":12}},"70":{"start":{"line":92,"column":0},"end":{"line":92,"column":24}}},"branchMap":{"1":{"line":16,"type":"if","locations":[{"start":{"line":16,"column":6},"end":{"line":16,"column":6}},{"start":{"line":16,"column":6},"end":{"line":16,"column":6}}]},"2":{"line":18,"type":"if","locations":[{"start":{"line":18,"column":13},"end":{"line":18,"column":13}},{"start":{"line":18,"column":13},"end":{"line":18,"column":13}}]},"3":{"line":40,"type":"if","locations":[{"start":{"line":40,"column":6},"end":{"line":40,"column":6}},{"start":{"line":40,"column":6},"end":{"line":40,"column":6}}]},"4":{"line":43,"type":"if","locations":[{"start":{"line":43,"column":6},"end":{"line":43,"column":6}},{"start":{"line":43,"column":6},"end":{"line":43,"column":6}}]},"5":{"line":55,"type":"if","locations":[{"start":{"line":55,"column":6},"end":{"line":55,"column":6}},{"start":{"line":55,"column":6},"end":{"line":55,"column":6}}]},"6":{"line":57,"type":"if","locations":[{"start":{"line":57,"column":13},"end":{"line":57,"column":13}},{"start":{"line":57,"column":13},"end":{"line":57,"column":13}}]},"7":{"line":57,"type":"binary-expr","locations":[{"start":{"line":57,"column":17},"end":{"line":57,"column":24}},{"start":{"line":57,"column":28},"end":{"line":57,"column":36}}]},"8":{"line":74,"type":"if","locations":[{"start":{"line":74,"column":6},"end":{"line":74,"column":6}},{"start":{"line":74,"column":6},"end":{"line":74,"column":6}}]},"9":{"line":77,"type":"if","locations":[{"start":{"line":77,"column":13},"end":{"line":77,"column":13}},{"start":{"line":77,"column":13},"end":{"line":77,"column":13}}]},"10":{"line":77,"type":"binary-expr","locations":[{"start":{"line":77,"column":17},"end":{"line":77,"column":24}},{"start":{"line":77,"column":28},"end":{"line":77,"column":35}}]}}},"/Users/839655roje/data/projects/mongo-restifier/src/util/propertiesReader.js":{"path":"/Users/839655roje/data/projects/mongo-restifier/src/util/propertiesReader.js","s":{"1":1,"2":1,"3":1,"4":1,"5":1,"6":24,"7":0,"8":24,"9":1,"10":1,"11":2,"12":2,"13":0,"14":2,"15":2,"16":1,"17":1,"18":1,"19":1,"20":1,"21":24,"22":0,"23":24,"24":1,"25":1},"b":{"1":[0,24],"2":[0,2],"3":[1,1],"4":[0,24]},"f":{"1":24,"2":1,"3":2,"4":24},"fnMap":{"1":{"name":"processValue","line":32,"loc":{"start":{"line":32,"column":0},"end":{"line":32,"column":29}}},"2":{"name":"propertiesReader","line":47,"loc":{"start":{"line":47,"column":17},"end":{"line":47,"column":59}}},"3":{"name":"(anonymous_3)","line":52,"loc":{"start":{"line":52,"column":10},"end":{"line":52,"column":25}}},"4":{"name":"(anonymous_4)","line":70,"loc":{"start":{"line":70,"column":18},"end":{"line":70,"column":39}}}},"statementMap":{"1":{"start":{"line":27,"column":0},"end":{"line":27,"column":23}},"2":{"start":{"line":28,"column":0},"end":{"line":28,"column":29}},"3":{"start":{"line":29,"column":0},"end":{"line":29,"column":40}},"4":{"start":{"line":30,"column":0},"end":{"line":30,"column":52}},"5":{"start":{"line":32,"column":0},"end":{"line":39,"column":1}},"6":{"start":{"line":34,"column":2},"end":{"line":36,"column":3}},"7":{"start":{"line":35,"column":4},"end":{"line":35,"column":29}},"8":{"start":{"line":38,"column":2},"end":{"line":38,"column":15}},"9":{"start":{"line":47,"column":0},"end":{"line":83,"column":2}},"10":{"start":{"line":50,"column":2},"end":{"line":79,"column":4}},"11":{"start":{"line":54,"column":6},"end":{"line":54,"column":22}},"12":{"start":{"line":55,"column":6},"end":{"line":57,"column":7}},"13":{"start":{"line":56,"column":8},"end":{"line":56,"column":20}},"14":{"start":{"line":59,"column":6},"end":{"line":59,"column":55}},"15":{"start":{"line":62,"column":6},"end":{"line":66,"column":7}},"16":{"start":{"line":63,"column":8},"end":{"line":63,"column":65}},"17":{"start":{"line":64,"column":8},"end":{"line":64,"column":46}},"18":{"start":{"line":65,"column":8},"end":{"line":65,"column":20}},"19":{"start":{"line":69,"column":6},"end":{"line":69,"column":41}},"20":{"start":{"line":70,"column":6},"end":{"line":75,"column":9}},"21":{"start":{"line":71,"column":8},"end":{"line":73,"column":9}},"22":{"start":{"line":72,"column":10},"end":{"line":72,"column":59}},"23":{"start":{"line":74,"column":8},"end":{"line":74,"column":65}},"24":{"start":{"line":77,"column":6},"end":{"line":77,"column":18}},"25":{"start":{"line":82,"column":2},"end":{"line":82,"column":41}}},"branchMap":{"1":{"line":34,"type":"if","locations":[{"start":{"line":34,"column":2},"end":{"line":34,"column":2}},{"start":{"line":34,"column":2},"end":{"line":34,"column":2}}]},"2":{"line":55,"type":"if","locations":[{"start":{"line":55,"column":6},"end":{"line":55,"column":6}},{"start":{"line":55,"column":6},"end":{"line":55,"column":6}}]},"3":{"line":62,"type":"if","locations":[{"start":{"line":62,"column":6},"end":{"line":62,"column":6}},{"start":{"line":62,"column":6},"end":{"line":62,"column":6}}]},"4":{"line":71,"type":"if","locations":[{"start":{"line":71,"column":8},"end":{"line":71,"column":8}},{"start":{"line":71,"column":8},"end":{"line":71,"column":8}}]}}}}