TN:
SF:/Users/839655roje/data/projects/mongo-restifier/src/index.js
FN:42,mongoRestifier
FN:70,(anonymous_2)
FN:87,register
FN:93,startup
FN:96,(anonymous_5)
FN:104,(anonymous_6)
FN:116,(anonymous_7)
FN:127,(anonymous_8)
FN:139,(anonymous_9)
FNF:9
FNH:5
FNDA:1,mongoRestifier
FNDA:0,(anonymous_2)
FNDA:1,register
FNDA:1,startup
FNDA:1,(anonymous_5)
FNDA:0,(anonymous_6)
FNDA:0,(anonymous_7)
FNDA:0,(anonymous_8)
FNDA:1,(anonymous_9)
DA:27,1
DA:28,1
DA:29,1
DA:30,1
DA:31,1
DA:32,1
DA:33,1
DA:34,1
DA:35,1
DA:36,1
DA:37,1
DA:38,1
DA:42,1
DA:44,1
DA:45,1
DA:48,1
DA:53,1
DA:54,1
DA:55,1
DA:56,1
DA:59,1
DA:62,1
DA:63,1
DA:66,1
DA:69,1
DA:70,1
DA:71,0
DA:72,0
DA:73,0
DA:74,0
DA:76,1
DA:82,1
DA:84,1
DA:87,1
DA:88,1
DA:89,1
DA:90,1
DA:93,1
DA:96,1
DA:97,1
DA:98,0
DA:99,0
DA:101,1
DA:104,1
DA:106,0
DA:107,0
DA:115,1
DA:116,1
DA:117,0
DA:118,0
DA:126,1
DA:127,0
DA:128,0
DA:129,0
DA:136,1
DA:139,1
DA:140,1
DA:143,1
DA:146,1
DA:155,1
DA:157,1
LF:61
LH:48
BRDA:45,1,0,1
BRDA:45,1,1,0
BRDA:53,2,0,1
BRDA:53,2,1,0
BRDA:54,3,0,0
BRDA:54,3,1,1
BRDA:56,4,0,1
BRDA:56,4,1,0
BRDA:69,5,0,1
BRDA:69,5,1,0
BRDA:82,6,0,1
BRDA:82,6,1,0
BRDA:82,7,0,1
BRDA:82,7,1,1
BRDA:97,8,0,0
BRDA:97,8,1,1
BRDA:115,9,0,1
BRDA:115,9,1,0
BRDA:117,10,0,0
BRDA:117,10,1,0
BRDA:126,11,0,0
BRDA:126,11,1,1
BRDA:128,12,0,0
BRDA:128,12,1,0
BRF:24
BRH:11
end_of_record
TN:
SF:/Users/839655roje/data/projects/mongo-restifier/src/util/logger.js
FNF:0
FNH:0
DA:1,1
DA:2,1
LF:2
LH:2
BRF:0
BRH:0
end_of_record
TN:
SF:/Users/839655roje/data/projects/mongo-restifier/src/core/service-model.js
FN:33,(anonymous_1)
FN:39,(anonymous_2)
FN:41,(anonymous_3)
FN:49,(anonymous_4)
FN:62,ServiceModel
FN:86,(anonymous_6)
FN:88,(anonymous_7)
FN:94,(anonymous_8)
FN:127,(anonymous_9)
FN:143,(anonymous_10)
FN:154,(anonymous_11)
FN:185,register
FN:193,(anonymous_13)
FN:197,(anonymous_14)
FN:265,defineModel
FNF:15
FNH:12
FNDA:3,(anonymous_1)
FNDA:12,(anonymous_2)
FNDA:135,(anonymous_3)
FNDA:11,(anonymous_4)
FNDA:3,ServiceModel
FNDA:17,(anonymous_6)
FNDA:4,(anonymous_7)
FNDA:17,(anonymous_8)
FNDA:20,(anonymous_9)
FNDA:2,(anonymous_10)
FNDA:0,(anonymous_11)
FNDA:3,register
FNDA:0,(anonymous_13)
FNDA:0,(anonymous_14)
FNDA:3,defineModel
DA:25,1
DA:26,1
DA:27,1
DA:28,1
DA:30,1
DA:31,1
DA:33,1
DA:35,3
DA:36,3
DA:39,3
DA:40,12
DA:42,135
DA:48,3
DA:50,11
DA:54,3
DA:62,1
DA:65,3
DA:66,0
DA:68,3
DA:69,0
DA:73,3
DA:74,3
DA:75,1
DA:76,1
DA:77,1
DA:79,1
DA:86,3
DA:87,17
DA:89,4
DA:93,3
DA:94,3
DA:95,17
DA:96,3
DA:97,0
DA:99,3
DA:100,3
DA:105,3
DA:106,3
DA:112,3
DA:118,3
DA:121,3
DA:122,1
DA:123,1
DA:127,3
DA:128,20
DA:129,0
DA:131,20
DA:132,1
DA:142,3
DA:143,3
DA:144,2
DA:145,2
DA:147,2
DA:150,3
DA:151,3
DA:153,3
DA:156,0
DA:157,0
DA:163,3
DA:170,3
DA:171,0
DA:174,3
DA:177,3
DA:185,3
DA:188,3
DA:190,3
DA:193,1
DA:195,0
DA:197,0
DA:198,0
DA:202,0
DA:203,0
DA:210,0
DA:211,0
DA:216,1
DA:265,1
DA:266,3
LF:77
LH:63
BRDA:36,1,0,3
BRDA:36,1,1,0
BRDA:42,2,0,135
BRDA:42,2,1,135
BRDA:42,3,0,0
BRDA:42,3,1,135
BRDA:65,4,0,0
BRDA:65,4,1,3
BRDA:65,5,0,3
BRDA:65,5,1,3
BRDA:68,6,0,0
BRDA:68,6,1,3
BRDA:68,7,0,3
BRDA:68,7,1,3
BRDA:74,8,0,1
BRDA:74,8,1,2
BRDA:74,9,0,3
BRDA:74,9,1,3
BRDA:76,10,0,1
BRDA:76,10,1,0
BRDA:76,11,0,1
BRDA:76,11,1,1
BRDA:95,12,0,3
BRDA:95,12,1,14
BRDA:95,13,0,17
BRDA:95,13,1,16
BRDA:96,14,0,0
BRDA:96,14,1,3
BRDA:105,15,0,3
BRDA:105,15,1,0
BRDA:121,16,0,1
BRDA:121,16,1,2
BRDA:128,17,0,0
BRDA:128,17,1,20
BRDA:128,18,0,20
BRDA:128,18,1,18
BRDA:131,19,0,1
BRDA:131,19,1,19
BRDA:135,20,0,1
BRDA:135,20,1,1
BRDA:135,21,0,1
BRDA:135,21,1,0
BRDA:136,22,0,1
BRDA:136,22,1,1
BRDA:142,23,0,3
BRDA:142,23,1,0
BRDA:144,24,0,2
BRDA:144,24,1,0
BRDA:170,25,0,0
BRDA:170,25,1,3
BRDA:188,26,0,3
BRDA:188,26,1,0
BRDA:188,27,0,3
BRDA:188,27,1,0
BRDA:190,28,0,1
BRDA:190,28,1,2
BRDA:190,29,0,3
BRDA:190,29,1,3
BRDA:195,30,0,0
BRDA:195,30,1,0
BRDA:195,31,0,0
BRDA:195,31,1,0
BRDA:202,32,0,0
BRDA:202,32,1,0
BRDA:210,33,0,0
BRDA:210,33,1,0
BRF:66
BRH:44
end_of_record
TN:
SF:/Users/839655roje/data/projects/mongo-restifier/src/core/generic-service.js
FN:36,ServiceEndpoint
FN:55,send
FN:80,sendBulkResult
FN:84,(anonymous_4)
FN:123,respond
FN:134,idField
FN:145,segregateExisting
FN:165,(anonymous_8)
FN:167,(anonymous_9)
FN:171,(anonymous_10)
FN:175,(anonymous_11)
FN:179,(anonymous_12)
FN:198,bulkCreate
FN:204,(anonymous_14)
FN:218,bulkUpdate
FN:230,(anonymous_16)
FN:239,(anonymous_17)
FN:254,projection
FN:272,select
FN:286,(anonymous_20)
FN:288,(anonymous_21)
FN:289,(anonymous_22)
FN:303,(anonymous_23)
FN:316,createQuery
FN:363,list
FN:365,(anonymous_26)
FN:380,query
FN:381,(anonymous_28)
FN:396,getById
FN:400,(anonymous_30)
FN:414,save
FN:427,(anonymous_32)
FN:433,(anonymous_33)
FN:439,(anonymous_34)
FN:441,(anonymous_35)
FN:446,(anonymous_36)
FN:459,deleteAll
FN:461,(anonymous_38)
FN:477,updateById
FN:483,(anonymous_40)
FN:496,deleteById
FN:497,(anonymous_42)
FN:503,bind
FNF:43
FNH:2
FNDA:3,ServiceEndpoint
FNDA:0,send
FNDA:0,sendBulkResult
FNDA:0,(anonymous_4)
FNDA:0,respond
FNDA:0,idField
FNDA:0,segregateExisting
FNDA:0,(anonymous_8)
FNDA:0,(anonymous_9)
FNDA:0,(anonymous_10)
FNDA:0,(anonymous_11)
FNDA:0,(anonymous_12)
FNDA:0,bulkCreate
FNDA:0,(anonymous_14)
FNDA:0,bulkUpdate
FNDA:0,(anonymous_16)
FNDA:0,(anonymous_17)
FNDA:0,projection
FNDA:0,select
FNDA:0,(anonymous_20)
FNDA:0,(anonymous_21)
FNDA:0,(anonymous_22)
FNDA:0,(anonymous_23)
FNDA:0,createQuery
FNDA:0,list
FNDA:0,(anonymous_26)
FNDA:0,query
FNDA:0,(anonymous_28)
FNDA:0,getById
FNDA:0,(anonymous_30)
FNDA:0,save
FNDA:0,(anonymous_32)
FNDA:0,(anonymous_33)
FNDA:0,(anonymous_34)
FNDA:0,(anonymous_35)
FNDA:0,(anonymous_36)
FNDA:0,deleteAll
FNDA:0,(anonymous_38)
FNDA:0,updateById
FNDA:0,(anonymous_40)
FNDA:0,deleteById
FNDA:0,(anonymous_42)
FNDA:3,bind
DA:25,1
DA:26,1
DA:27,1
DA:28,1
DA:29,1
DA:36,1
DA:38,3
DA:39,0
DA:42,3
DA:44,3
DA:55,3
DA:57,0
DA:58,0
DA:63,0
DA:80,3
DA:83,0
DA:84,0
DA:85,0
DA:87,0
DA:98,0
DA:99,0
DA:103,0
DA:104,0
DA:110,0
DA:123,3
DA:124,0
DA:125,0
DA:134,3
DA:135,0
DA:145,3
DA:147,0
DA:149,0
DA:150,0
DA:153,0
DA:159,0
DA:160,0
DA:161,0
DA:164,0
DA:165,0
DA:166,0
DA:168,0
DA:171,0
DA:172,0
DA:175,0
DA:176,0
DA:179,0
DA:180,0
DA:183,0
DA:186,0
DA:198,3
DA:199,0
DA:200,0
DA:201,0
DA:202,0
DA:204,0
DA:205,0
DA:206,0
DA:208,0
DA:218,3
DA:219,0
DA:221,0
DA:222,0
DA:223,0
DA:226,0
DA:227,0
DA:230,0
DA:231,0
DA:239,0
DA:240,0
DA:241,0
DA:244,0
DA:254,3
DA:256,0
DA:257,0
DA:258,0
DA:259,0
DA:262,0
DA:272,3
DA:274,0
DA:275,0
DA:277,0
DA:278,0
DA:279,0
DA:281,0
DA:282,0
DA:286,0
DA:287,0
DA:289,0
DA:290,0
DA:295,0
DA:296,0
DA:297,0
DA:298,0
DA:300,0
DA:303,0
DA:304,0
DA:316,3
DA:317,0
DA:318,0
DA:319,0
DA:322,0
DA:323,0
DA:324,0
DA:325,0
DA:327,0
DA:331,0
DA:334,0
DA:335,0
DA:339,0
DA:340,0
DA:344,0
DA:345,0
DA:349,0
DA:350,0
DA:353,0
DA:363,3
DA:364,0
DA:365,0
DA:366,0
DA:367,0
DA:380,3
DA:381,0
DA:382,0
DA:383,0
DA:396,3
DA:397,0
DA:400,0
DA:401,0
DA:402,0
DA:414,3
DA:415,0
DA:416,0
DA:418,0
DA:419,0
DA:426,0
DA:427,0
DA:428,0
DA:429,0
DA:433,0
DA:434,0
DA:436,0
DA:437,0
DA:439,0
DA:440,0
DA:442,0
DA:447,0
DA:459,3
DA:460,0
DA:461,0
DA:462,0
DA:463,0
DA:477,3
DA:478,0
DA:479,0
DA:481,0
DA:484,0
DA:485,0
DA:496,3
DA:497,0
DA:498,0
DA:499,0
DA:503,3
DA:506,3
DA:509,3
DA:512,3
DA:515,3
DA:518,3
DA:521,3
DA:524,3
DA:527,3
DA:530,3
DA:531,3
LF:172
LH:37
BRDA:38,1,0,0
BRDA:38,1,1,3
BRDA:42,2,0,3
BRDA:42,2,1,0
BRDA:57,3,0,0
BRDA:57,3,1,0
BRDA:58,4,0,0
BRDA:58,4,1,0
BRDA:83,5,0,0
BRDA:83,5,1,0
BRDA:98,6,0,0
BRDA:98,6,1,0
BRDA:103,7,0,0
BRDA:103,7,1,0
BRDA:135,8,0,0
BRDA:135,8,1,0
BRDA:149,9,0,0
BRDA:149,9,1,0
BRDA:159,10,0,0
BRDA:159,10,1,0
BRDA:172,11,0,0
BRDA:172,11,1,0
BRDA:180,12,0,0
BRDA:180,12,1,0
BRDA:200,13,0,0
BRDA:200,13,1,0
BRDA:205,14,0,0
BRDA:205,14,1,0
BRDA:221,15,0,0
BRDA:221,15,1,0
BRDA:240,16,0,0
BRDA:240,16,1,0
BRDA:256,17,0,0
BRDA:256,17,1,0
BRDA:258,18,0,0
BRDA:258,18,1,0
BRDA:277,19,0,0
BRDA:277,19,1,0
BRDA:278,20,0,0
BRDA:278,20,1,0
BRDA:279,21,0,0
BRDA:279,21,1,0
BRDA:281,22,0,0
BRDA:281,22,1,0
BRDA:286,23,0,0
BRDA:286,23,1,0
BRDA:295,24,0,0
BRDA:295,24,1,0
BRDA:297,25,0,0
BRDA:297,25,1,0
BRDA:303,26,0,0
BRDA:303,26,1,0
BRDA:304,27,0,0
BRDA:304,27,1,0
BRDA:322,28,0,0
BRDA:322,28,1,0
BRDA:324,29,0,0
BRDA:324,29,1,0
BRDA:331,30,0,0
BRDA:331,30,1,0
BRDA:331,31,0,0
BRDA:331,31,1,0
BRDA:331,31,2,0
BRDA:334,32,0,0
BRDA:334,32,1,0
BRDA:334,33,0,0
BRDA:334,33,1,0
BRDA:334,33,2,0
BRDA:339,34,0,0
BRDA:339,34,1,0
BRDA:344,35,0,0
BRDA:344,35,1,0
BRDA:345,36,0,0
BRDA:345,36,1,0
BRDA:349,37,0,0
BRDA:349,37,1,0
BRDA:350,38,0,0
BRDA:350,38,1,0
BRDA:366,39,0,0
BRDA:366,39,1,0
BRDA:367,40,0,0
BRDA:367,40,1,0
BRDA:382,41,0,0
BRDA:382,41,1,0
BRDA:383,42,0,0
BRDA:383,42,1,0
BRDA:401,43,0,0
BRDA:401,43,1,0
BRDA:416,44,0,0
BRDA:416,44,1,0
BRDA:418,45,0,0
BRDA:418,45,1,0
BRDA:418,46,0,0
BRDA:418,46,1,0
BRDA:426,47,0,0
BRDA:426,47,1,0
BRDA:436,48,0,0
BRDA:436,48,1,0
BRDA:437,49,0,0
BRDA:437,49,1,0
BRDA:462,50,0,0
BRDA:462,50,1,0
BRDA:478,51,0,0
BRDA:478,51,1,0
BRDA:484,52,0,0
BRDA:484,52,1,0
BRDA:498,53,0,0
BRDA:498,53,1,0
BRF:108
BRH:2
end_of_record
TN:
SF:/Users/839655roje/data/projects/mongo-restifier/src/util/Promise.js
FN:3,when
FN:8,(anonymous_2)
FN:10,(anonymous_3)
FNF:3
FNH:0
FNDA:0,when
FNDA:0,(anonymous_2)
FNDA:0,(anonymous_3)
DA:1,1
DA:3,1
DA:4,0
DA:5,0
DA:6,0
DA:8,0
DA:9,0
DA:10,0
DA:11,0
DA:12,0
DA:13,0
DA:14,0
DA:18,0
DA:19,0
DA:20,0
DA:25,0
DA:28,1
LF:17
LH:3
BRDA:9,1,0,0
BRDA:9,1,1,0
BRDA:11,2,0,0
BRDA:11,2,1,0
BRDA:13,3,0,0
BRDA:13,3,1,0
BRDA:19,4,0,0
BRDA:19,4,1,0
BRF:8
BRH:0
end_of_record
TN:
SF:/Users/839655roje/data/projects/mongo-restifier/src/oauth-server/oauth2server.js
FN:128,OAuth2Server
FN:164,(anonymous_2)
FN:171,(anonymous_3)
FN:182,(anonymous_4)
FN:191,(anonymous_5)
FN:210,getAccessToken
FN:211,(anonymous_7)
FN:233,getRefreshToken
FN:234,(anonymous_9)
FN:257,getAccessToken
FN:261,(anonymous_11)
FN:274,(anonymous_12)
FN:279,(anonymous_13)
FN:293,grantTypeAllowed
FN:300,(anonymous_15)
FN:314,getUser
FN:319,(anonymous_17)
FN:342,saveAccessToken
FN:355,saveRefreshToken
FN:369,saveToken
FN:375,(anonymous_21)
FN:394,revokeAccessToken
FN:398,(anonymous_23)
FN:408,(anonymous_24)
FN:424,revokeRefreshToken
FN:435,revokeToken
FN:457,(anonymous_27)
FN:458,(anonymous_28)
FN:467,(anonymous_29)
FN:483,(anonymous_30)
FN:500,(anonymous_31)
FN:516,(anonymous_32)
FN:547,(anonymous_33)
FN:557,(anonymous_34)
FN:558,(anonymous_35)
FN:578,(anonymous_36)
FN:602,(anonymous_37)
FNF:37
FNH:5
FNDA:1,OAuth2Server
FNDA:1,(anonymous_2)
FNDA:1,(anonymous_3)
FNDA:1,(anonymous_4)
FNDA:1,(anonymous_5)
FNDA:0,getAccessToken
FNDA:0,(anonymous_7)
FNDA:0,getRefreshToken
FNDA:0,(anonymous_9)
FNDA:0,getAccessToken
FNDA:0,(anonymous_11)
FNDA:0,(anonymous_12)
FNDA:0,(anonymous_13)
FNDA:0,grantTypeAllowed
FNDA:0,(anonymous_15)
FNDA:0,getUser
FNDA:0,(anonymous_17)
FNDA:0,saveAccessToken
FNDA:0,saveRefreshToken
FNDA:0,saveToken
FNDA:0,(anonymous_21)
FNDA:0,revokeAccessToken
FNDA:0,(anonymous_23)
FNDA:0,(anonymous_24)
FNDA:0,revokeRefreshToken
FNDA:0,revokeToken
FNDA:0,(anonymous_27)
FNDA:0,(anonymous_28)
FNDA:0,(anonymous_29)
FNDA:0,(anonymous_30)
FNDA:0,(anonymous_31)
FNDA:0,(anonymous_32)
FNDA:0,(anonymous_33)
FNDA:0,(anonymous_34)
FNDA:0,(anonymous_35)
FNDA:0,(anonymous_36)
FNDA:0,(anonymous_37)
DA:26,1
DA:27,1
DA:28,1
DA:29,1
DA:30,1
DA:31,1
DA:32,1
DA:35,1
DA:67,1
DA:70,1
DA:120,1
DA:128,1
DA:130,1
DA:131,1
DA:132,1
DA:134,1
DA:137,1
DA:138,1
DA:139,4
DA:140,4
DA:141,0
DA:143,4
DA:144,4
DA:157,1
DA:161,1
DA:162,1
DA:165,1
DA:172,1
DA:173,1
DA:179,1
DA:180,1
DA:183,1
DA:192,1
DA:193,1
DA:202,1
DA:211,0
DA:212,0
DA:213,0
DA:214,0
DA:223,0
DA:234,0
DA:235,0
DA:236,0
DA:237,0
DA:246,0
DA:258,0
DA:262,0
DA:263,0
DA:275,0
DA:280,0
DA:281,0
DA:282,0
DA:294,0
DA:301,0
DA:302,0
DA:303,0
DA:315,0
DA:320,0
DA:321,0
DA:323,0
DA:343,0
DA:356,0
DA:370,0
DA:371,0
DA:376,0
DA:377,0
DA:395,0
DA:399,0
DA:400,0
DA:405,0
DA:409,0
DA:425,0
DA:436,0
DA:437,0
DA:445,1
DA:452,1
DA:455,1
DA:456,1
DA:457,1
DA:458,0
DA:459,0
DA:460,0
DA:461,0
DA:466,0
DA:467,0
DA:468,0
DA:469,0
DA:470,0
DA:473,0
DA:474,0
DA:479,1
DA:482,1
DA:483,1
DA:485,0
DA:486,0
DA:489,0
DA:490,0
DA:491,0
DA:498,0
DA:501,0
DA:502,0
DA:503,0
DA:509,0
DA:510,0
DA:513,1
DA:516,1
DA:518,0
DA:519,0
DA:520,0
DA:521,0
DA:522,0
DA:525,0
DA:526,0
DA:527,0
DA:535,0
DA:537,0
DA:538,0
DA:539,0
DA:545,0
DA:547,0
DA:549,0
DA:550,0
DA:551,0
DA:557,0
DA:558,0
DA:559,0
DA:562,0
DA:563,0
DA:569,0
DA:573,0
DA:574,0
DA:579,0
DA:580,0
DA:586,0
DA:590,0
DA:595,0
DA:598,1
DA:599,1
DA:602,1
DA:604,0
DA:605,0
DA:606,0
DA:612,0
DA:613,0
DA:614,0
DA:615,0
DA:619,0
DA:623,1
DA:627,1
LF:149
LH:49
BRDA:134,1,0,1
BRDA:134,1,1,0
BRDA:137,2,0,1
BRDA:137,2,1,0
BRDA:140,3,0,0
BRDA:140,3,1,4
BRDA:161,4,0,1
BRDA:161,4,1,0
BRDA:161,5,0,1
BRDA:161,5,1,1
BRDA:172,6,0,0
BRDA:172,6,1,1
BRDA:179,7,0,1
BRDA:179,7,1,0
BRDA:179,8,0,1
BRDA:179,8,1,1
BRDA:192,9,0,0
BRDA:192,9,1,1
BRDA:212,10,0,0
BRDA:212,10,1,0
BRDA:213,11,0,0
BRDA:213,11,1,0
BRDA:235,12,0,0
BRDA:235,12,1,0
BRDA:236,13,0,0
BRDA:236,13,1,0
BRDA:262,14,0,0
BRDA:262,14,1,0
BRDA:280,15,0,0
BRDA:280,15,1,0
BRDA:281,16,0,0
BRDA:281,16,1,0
BRDA:301,17,0,0
BRDA:301,17,1,0
BRDA:302,18,0,0
BRDA:302,18,1,0
BRDA:320,19,0,0
BRDA:320,19,1,0
BRDA:321,20,0,0
BRDA:321,20,1,0
BRDA:372,21,0,0
BRDA:372,21,1,0
BRDA:376,22,0,0
BRDA:376,22,1,0
BRDA:381,23,0,0
BRDA:381,23,1,0
BRDA:382,24,0,0
BRDA:382,24,1,0
BRDA:399,25,0,0
BRDA:399,25,1,0
BRDA:459,26,0,0
BRDA:459,26,1,0
BRDA:468,27,0,0
BRDA:468,27,1,0
BRDA:485,28,0,0
BRDA:485,28,1,0
BRDA:489,29,0,0
BRDA:489,29,1,0
BRDA:489,30,0,0
BRDA:489,30,1,0
BRDA:489,30,2,0
BRDA:501,31,0,0
BRDA:501,31,1,0
BRDA:501,32,0,0
BRDA:501,32,1,0
BRDA:519,33,0,0
BRDA:519,33,1,0
BRDA:519,34,0,0
BRDA:519,34,1,0
BRDA:521,35,0,0
BRDA:521,35,1,0
BRDA:521,36,0,0
BRDA:521,36,1,0
BRDA:527,37,0,0
BRDA:527,37,1,0
BRDA:529,38,0,0
BRDA:529,38,1,0
BRDA:529,38,2,0
BRDA:537,39,0,0
BRDA:537,39,1,0
BRDA:537,40,0,0
BRDA:537,40,1,0
BRDA:545,41,0,0
BRDA:545,41,1,0
BRDA:545,41,2,0
BRDA:549,42,0,0
BRDA:549,42,1,0
BRDA:549,43,0,0
BRDA:549,43,1,0
BRDA:557,44,0,0
BRDA:557,44,1,0
BRDA:558,45,0,0
BRDA:558,45,1,0
BRDA:579,46,0,0
BRDA:579,46,1,0
BRDA:579,47,0,0
BRDA:579,47,1,0
BRDA:604,48,0,0
BRDA:604,48,1,0
BRDA:604,49,0,0
BRDA:604,49,1,0
BRDA:604,49,2,0
BRDA:604,49,3,0
BRDA:608,50,0,0
BRDA:608,50,1,0
BRDA:612,51,0,0
BRDA:612,51,1,0
BRDA:614,52,0,0
BRDA:614,52,1,0
BRDA:616,53,0,0
BRDA:616,53,1,0
BRF:111
BRH:11
end_of_record
TN:
SF:/Users/839655roje/data/projects/mongo-restifier/src/oauth-server/token.js
FNF:0
FNH:0
DA:1,1
DA:3,1
DA:26,1
LF:3
LH:3
BRF:0
BRH:0
end_of_record
TN:
SF:/Users/839655roje/data/projects/mongo-restifier/src/util/Base64.js
FN:3,(anonymous_1)
FN:25,(anonymous_2)
FN:50,(anonymous_3)
FN:68,(anonymous_4)
FNF:4
FNH:0
FNDA:0,(anonymous_1)
FNDA:0,(anonymous_2)
FNDA:0,(anonymous_3)
FNDA:0,(anonymous_4)
DA:1,1
DA:4,0
DA:5,0
DA:6,0
DA:7,0
DA:8,0
DA:9,0
DA:10,0
DA:11,0
DA:12,0
DA:13,0
DA:14,0
DA:15,0
DA:16,0
DA:17,0
DA:18,0
DA:19,0
DA:21,0
DA:23,0
DA:26,0
DA:27,0
DA:28,0
DA:29,0
DA:30,0
DA:31,0
DA:32,0
DA:33,0
DA:34,0
DA:35,0
DA:36,0
DA:37,0
DA:38,0
DA:39,0
DA:40,0
DA:41,0
DA:43,0
DA:44,0
DA:47,0
DA:48,0
DA:51,0
DA:52,0
DA:53,0
DA:54,0
DA:55,0
DA:56,0
DA:57,0
DA:58,0
DA:59,0
DA:61,0
DA:62,0
DA:63,0
DA:66,0
DA:69,0
DA:70,0
DA:71,0
DA:72,0
DA:73,0
DA:74,0
DA:75,0
DA:76,0
DA:77,0
DA:78,0
DA:79,0
DA:80,0
DA:82,0
DA:83,0
DA:84,0
DA:85,0
DA:88,0
DA:92,1
LF:70
LH:2
BRDA:16,1,0,0
BRDA:16,1,1,0
BRDA:18,2,0,0
BRDA:18,2,1,0
BRDA:40,3,0,0
BRDA:40,3,1,0
BRDA:43,4,0,0
BRDA:43,4,1,0
BRDA:55,5,0,0
BRDA:55,5,1,0
BRDA:57,6,0,0
BRDA:57,6,1,0
BRDA:57,7,0,0
BRDA:57,7,1,0
BRDA:74,8,0,0
BRDA:74,8,1,0
BRDA:77,9,0,0
BRDA:77,9,1,0
BRDA:77,10,0,0
BRDA:77,10,1,0
BRF:20
BRH:0
end_of_record
TN:
SF:/Users/839655roje/data/projects/mongo-restifier/src/util/propertiesReader.js
FN:32,processValue
FN:47,propertiesReader
FN:52,(anonymous_3)
FN:70,(anonymous_4)
FNF:4
FNH:4
FNDA:24,processValue
FNDA:1,propertiesReader
FNDA:2,(anonymous_3)
FNDA:24,(anonymous_4)
DA:27,1
DA:28,1
DA:29,1
DA:30,1
DA:32,1
DA:34,24
DA:35,0
DA:38,24
DA:47,1
DA:50,1
DA:54,2
DA:55,2
DA:56,0
DA:59,2
DA:62,2
DA:63,1
DA:64,1
DA:65,1
DA:69,1
DA:70,1
DA:71,24
DA:72,0
DA:74,24
DA:77,1
DA:82,1
LF:25
LH:22
BRDA:34,1,0,0
BRDA:34,1,1,24
BRDA:55,2,0,0
BRDA:55,2,1,2
BRDA:62,3,0,1
BRDA:62,3,1,1
BRDA:71,4,0,0
BRDA:71,4,1,24
BRF:8
BRH:5
end_of_record
